Using SOCK located in /home/fsluser/SOCK

SOCK Version 1.4d
2018-09-25
Using SPM12 release 7771
22-Jan-2023 00:45:03 - Commencing SOCK processing in /mnt/hgfs/D/Smoothed_epis_EXT_T1_20211126/Copy_smoothed_epis_T1_Patienten_Gesunde/sourcedata/Patienten/sub-1017/Ma2/func
Unable to read TR from _header_info.txt. Assuming TR is 2.0

pickString =

    'all'

Merged data /mnt/hgfs/D/Smoothed_epis_EXT_T1_20211126/Copy_smoothed_epis_T1_Patienten_Gesunde/sourcedata/Patienten/sub-1017/Ma2/func/FWHM_8_img___all.nii.gz already exists, will re-use it...

A Melodic directory for subject /mnt/hgfs/D/Smoothed_epis_EXT_T1_20211126/Copy_smoothed_epis_T1_Patienten_Gesunde/sourcedata/Patienten/sub-1017/Ma2/func already exists...
If you want to re-run Melodic, delete the old FWHM_8_img___all.ica folder...

Made SOCK temporary directory: /tmp/tp73ad5abf_3399_4f41_be4f_a9a36ed62100_SOCK
Running SOCK on /mnt/hgfs/D/Smoothed_epis_EXT_T1_20211126/Copy_smoothed_epis_T1_Patienten_Gesunde/sourcedata/Patienten/sub-1017/Ma2/func/FWHM_8_img___all.ica/

Using mean functional image for SOCK analysis...
Using existing CSF and masks...
Converting thresholded images in stats dir to NIFTI_PAIR format...

Images in stats dir are already in NIFTI_PAIR format
Obtaining CSF and edge activity measures for SOCK analysis...

Using CSF activity from previous run...

Using edge activity from previous run...

DONE

Obtaining smoothness measures for SOCK analysis...

Obtaining power spectrum measures for SOCK analysis...


TR =

     2

Classifying ICs using SOCK...

Completed SOCK procedure

The following 56 of 175 components were identified as definite artifacts by SOCK:
 1,2,3,4,5,6,7,8,9,10,11,13,15,16,18,25,26,30,31,32,33,34,35,38,54,58,59,62,67,69,72,74,79,80,84,97,101,102,103,107,109,119,127,128,132,134,146,148,156,160,162,164,167,170,173,174

The following 18 of 175 components were identified as possible artifacts by SOCK:
 12,17,21,36,37,40,46,48,50,60,77,81,87,125,126,141,149,153

The following 101 of 175 components were identified as unlikely artifacts by SOCK:
 14,19,20,22,23,24,27,28,29,39,41,42,43,44,45,47,49,51,52,53,55,56,57,61,63,64,65,66,68,70,71,73,75,76,78,82,83,85,86,88,89,90,91,92,93,94,95,96,98,99,100,104,105,106,108,110,111,112,113,114,115,116,117,118,120,121,122,123,124,129,130,131,133,135,136,137,138,139,140,142,143,144,145,147,150,151,152,154,155,157,158,159,161,163,165,166,168,169,171,172,175

The 56 definite artifact components will be regressed out when reconstructing the denoised time-series.
Denoised data for subject /mnt/hgfs/D/Smoothed_epis_EXT_T1_20211126/Copy_smoothed_epis_T1_Patienten_Gesunde/sourcedata/Patienten/sub-1017/Ma2/func already exists...

Spliting de-noised 4D image into 3D images for subject /mnt/hgfs/D/Smoothed_epis_EXT_T1_20211126/Copy_smoothed_epis_T1_Patienten_Gesunde/sourcedata/Patienten/sub-1017/Ma2/func

Create .nii files and no .img/.hdr files for /mnt/hgfs/D/Smoothed_epis_EXT_T1_20211126/Copy_smoothed_epis_T1_Patienten_Gesunde/sourcedata/Patienten/sub-1017/Ma2/func

22-Jan-2023 00:57:05 - Completed SOCK processing in /mnt/hgfs/D/Smoothed_epis_EXT_T1_20211126/Copy_smoothed_epis_T1_Patienten_Gesunde/sourcedata/Patienten/sub-1017/Ma2/func
22-Jan-2023 00:57:05 - Commencing SOCK processing in /mnt/hgfs/D/Smoothed_epis_EXT_T1_20211126/Copy_smoothed_epis_T1_Patienten_Gesunde/sourcedata/Patienten/sub-1018/Ma2/func
Unable to read TR from _header_info.txt. Assuming TR is 2.0

pickString =

    'all'

Merged data /mnt/hgfs/D/Smoothed_epis_EXT_T1_20211126/Copy_smoothed_epis_T1_Patienten_Gesunde/sourcedata/Patienten/sub-1018/Ma2/func/FWHM_8_img___all.nii.gz already exists, will re-use it...

A Melodic directory for subject /mnt/hgfs/D/Smoothed_epis_EXT_T1_20211126/Copy_smoothed_epis_T1_Patienten_Gesunde/sourcedata/Patienten/sub-1018/Ma2/func already exists...
If you want to re-run Melodic, delete the old FWHM_8_img___all.ica folder...

Made SOCK temporary directory: /tmp/tpd661eed4_a1fd_4aec_b478_8280c7a23d63_SOCK
Running SOCK on /mnt/hgfs/D/Smoothed_epis_EXT_T1_20211126/Copy_smoothed_epis_T1_Patienten_Gesunde/sourcedata/Patienten/sub-1018/Ma2/func/FWHM_8_img___all.ica/

Using mean functional image for SOCK analysis...
Using existing CSF and masks...
Converting thresholded images in stats dir to NIFTI_PAIR format...

Images in stats dir are already in NIFTI_PAIR format
Obtaining CSF and edge activity measures for SOCK analysis...

Using CSF activity from previous run...

Using edge activity from previous run...

DONE

Obtaining smoothness measures for SOCK analysis...

Obtaining power spectrum measures for SOCK analysis...


TR =

     2

Classifying ICs using SOCK...

Completed SOCK procedure

The following 54 of 146 components were identified as definite artifacts by SOCK:
 1,2,3,4,5,6,7,8,10,11,12,13,14,16,17,18,20,21,24,28,32,33,34,36,37,43,45,49,52,58,59,61,67,74,79,80,81,82,85,86,87,91,93,94,98,101,110,118,129,137,138,143,145,146

The following 18 of 146 components were identified as possible artifacts by SOCK:
 9,19,23,25,26,31,41,44,50,62,84,99,106,113,117,130,134,139

The following 74 of 146 components were identified as unlikely artifacts by SOCK:
 15,22,27,29,30,35,38,39,40,42,46,47,48,51,53,54,55,56,57,60,63,64,65,66,68,69,70,71,72,73,75,76,77,78,83,88,89,90,92,95,96,97,100,102,103,104,105,107,108,109,111,112,114,115,116,119,120,121,122,123,124,125,126,127,128,131,132,133,135,136,140,141,142,144

The 54 definite artifact components will be regressed out when reconstructing the denoised time-series.
Denoised data for subject /mnt/hgfs/D/Smoothed_epis_EXT_T1_20211126/Copy_smoothed_epis_T1_Patienten_Gesunde/sourcedata/Patienten/sub-1018/Ma2/func already exists...

Spliting de-noised 4D image into 3D images for subject /mnt/hgfs/D/Smoothed_epis_EXT_T1_20211126/Copy_smoothed_epis_T1_Patienten_Gesunde/sourcedata/Patienten/sub-1018/Ma2/func

Create .nii files and no .img/.hdr files for /mnt/hgfs/D/Smoothed_epis_EXT_T1_20211126/Copy_smoothed_epis_T1_Patienten_Gesunde/sourcedata/Patienten/sub-1018/Ma2/func

22-Jan-2023 01:07:18 - Completed SOCK processing in /mnt/hgfs/D/Smoothed_epis_EXT_T1_20211126/Copy_smoothed_epis_T1_Patienten_Gesunde/sourcedata/Patienten/sub-1018/Ma2/func
22-Jan-2023 01:07:18 - Commencing SOCK processing in /mnt/hgfs/D/Smoothed_epis_EXT_T1_20211126/Copy_smoothed_epis_T1_Patienten_Gesunde/sourcedata/Patienten/sub-1026/Ma2/func
Unable to read TR from _header_info.txt. Assuming TR is 2.0

pickString =

    'all'

Merged data /mnt/hgfs/D/Smoothed_epis_EXT_T1_20211126/Copy_smoothed_epis_T1_Patienten_Gesunde/sourcedata/Patienten/sub-1026/Ma2/func/FWHM_8_img___all.nii.gz already exists, will re-use it...

A Melodic directory for subject /mnt/hgfs/D/Smoothed_epis_EXT_T1_20211126/Copy_smoothed_epis_T1_Patienten_Gesunde/sourcedata/Patienten/sub-1026/Ma2/func already exists...
If you want to re-run Melodic, delete the old FWHM_8_img___all.ica folder...

Made SOCK temporary directory: /tmp/tp6679ed07_1635_4375_83bf_be22971b8be2_SOCK
Running SOCK on /mnt/hgfs/D/Smoothed_epis_EXT_T1_20211126/Copy_smoothed_epis_T1_Patienten_Gesunde/sourcedata/Patienten/sub-1026/Ma2/func/FWHM_8_img___all.ica/

Using mean functional image for SOCK analysis...
Using existing CSF and masks...
Converting thresholded images in stats dir to NIFTI_PAIR format...

Images in stats dir are already in NIFTI_PAIR format
Obtaining CSF and edge activity measures for SOCK analysis...

Using CSF activity from previous run...

Using edge activity from previous run...

DONE

Obtaining smoothness measures for SOCK analysis...

Obtaining power spectrum measures for SOCK analysis...


TR =

     2

Classifying ICs using SOCK...

Completed SOCK procedure

The following 49 of 161 components were identified as definite artifacts by SOCK:
 1,2,3,5,6,8,12,15,16,17,18,19,20,22,26,27,33,37,38,39,42,44,47,57,60,73,74,83,84,86,87,100,101,112,113,114,115,120,121,122,124,135,144,145,152,157,158,160,161

The following 32 of 161 components were identified as possible artifacts by SOCK:
 4,7,9,23,25,29,31,34,36,40,46,50,62,70,71,75,78,81,90,97,98,102,104,106,116,117,126,134,150,153,156,159

The following 80 of 161 components were identified as unlikely artifacts by SOCK:
 10,11,13,14,21,24,28,30,32,35,41,43,45,48,49,51,52,53,54,55,56,58,59,61,63,64,65,66,67,68,69,72,76,77,79,80,82,85,88,89,91,92,93,94,95,96,99,103,105,107,108,109,110,111,118,119,123,125,127,128,129,130,131,132,133,136,137,138,139,140,141,142,143,146,147,148,149,151,154,155

The 49 definite artifact components will be regressed out when reconstructing the denoised time-series.
Denoised data for subject /mnt/hgfs/D/Smoothed_epis_EXT_T1_20211126/Copy_smoothed_epis_T1_Patienten_Gesunde/sourcedata/Patienten/sub-1026/Ma2/func already exists...

Spliting de-noised 4D image into 3D images for subject /mnt/hgfs/D/Smoothed_epis_EXT_T1_20211126/Copy_smoothed_epis_T1_Patienten_Gesunde/sourcedata/Patienten/sub-1026/Ma2/func

Create .nii files and no .img/.hdr files for /mnt/hgfs/D/Smoothed_epis_EXT_T1_20211126/Copy_smoothed_epis_T1_Patienten_Gesunde/sourcedata/Patienten/sub-1026/Ma2/func

22-Jan-2023 01:18:10 - Completed SOCK processing in /mnt/hgfs/D/Smoothed_epis_EXT_T1_20211126/Copy_smoothed_epis_T1_Patienten_Gesunde/sourcedata/Patienten/sub-1026/Ma2/func
22-Jan-2023 01:18:11 - Commencing SOCK processing in /mnt/hgfs/D/Smoothed_epis_EXT_T1_20211126/Copy_smoothed_epis_T1_Patienten_Gesunde/sourcedata/Patienten/sub-1072/Ma2/func
Unable to read TR from _header_info.txt. Assuming TR is 2.0

pickString =

    'all'

Merged data /mnt/hgfs/D/Smoothed_epis_EXT_T1_20211126/Copy_smoothed_epis_T1_Patienten_Gesunde/sourcedata/Patienten/sub-1072/Ma2/func/FWHM_8_img___all.nii.gz already exists, will re-use it...

A Melodic directory for subject /mnt/hgfs/D/Smoothed_epis_EXT_T1_20211126/Copy_smoothed_epis_T1_Patienten_Gesunde/sourcedata/Patienten/sub-1072/Ma2/func already exists...
If you want to re-run Melodic, delete the old FWHM_8_img___all.ica folder...

Made SOCK temporary directory: /tmp/tped9f4814_ce08_415d_b5c9_0bf5b6416573_SOCK
Running SOCK on /mnt/hgfs/D/Smoothed_epis_EXT_T1_20211126/Copy_smoothed_epis_T1_Patienten_Gesunde/sourcedata/Patienten/sub-1072/Ma2/func/FWHM_8_img___all.ica/

Using mean functional image for SOCK analysis...
Using existing CSF and masks...
Converting thresholded images in stats dir to NIFTI_PAIR format...

Images in stats dir are already in NIFTI_PAIR format
Obtaining CSF and edge activity measures for SOCK analysis...

Using CSF activity from previous run...

Using edge activity from previous run...

DONE

Obtaining smoothness measures for SOCK analysis...

Obtaining power spectrum measures for SOCK analysis...


TR =

     2

Classifying ICs using SOCK...

Completed SOCK procedure

The following 76 of 250 components were identified as definite artifacts by SOCK:
 2,3,4,5,8,11,12,13,15,16,18,21,22,24,29,31,32,33,34,42,43,54,57,58,60,69,70,84,86,88,93,96,99,101,103,110,120,131,132,136,140,154,156,167,168,169,171,172,174,179,182,183,187,189,191,194,197,198,200,206,209,210,216,219,221,228,234,236,238,239,241,242,244,248,249,250

The following 64 of 250 components were identified as possible artifacts by SOCK:
 1,7,9,10,14,17,19,23,27,28,30,39,46,51,66,67,90,94,100,104,107,113,121,122,124,125,129,130,135,144,147,160,162,163,164,166,173,176,181,184,185,188,190,199,201,203,204,213,215,220,222,224,225,226,227,229,233,235,237,240,243,245,246,247

The following 110 of 250 components were identified as unlikely artifacts by SOCK:
 6,20,25,26,35,36,37,38,40,41,44,45,47,48,49,50,52,53,55,56,59,61,62,63,64,65,68,71,72,73,74,75,76,77,78,79,80,81,82,83,85,87,89,91,92,95,97,98,102,105,106,108,109,111,112,114,115,116,117,118,119,123,126,127,128,133,134,137,138,139,141,142,143,145,146,148,149,150,151,152,153,155,157,158,159,161,165,170,175,177,178,180,186,192,193,195,196,202,205,207,208,211,212,214,217,218,223,230,231,232

The 76 definite artifact components will be regressed out when reconstructing the denoised time-series.
Reconstructing denoised time-series for subject /mnt/hgfs/D/Smoothed_epis_EXT_T1_20211126/Copy_smoothed_epis_T1_Patienten_Gesunde/sourcedata/Patienten/sub-1072/Ma2/func

Current directory is /mnt/hgfs/D/Smoothed_epis_EXT_T1_20211126/Copy_smoothed_epis_T1_Patienten_Gesunde/sourcedata/Patienten/sub-1072/Ma2/func/FWHM_8_img___all.ica
fsl_regfilt -i ../FWHM_8_img___all -o denoised_data -d melodic_mix -f "2,3,4,5,8,11,12,13,15,16,18,21,22,24,29,31,32,33,34,42,43,54,57,58,60,69,70,84,86,88,93,96,99,101,103,110,120,131,132,136,140,154,156,167,168,169,171,172,174,179,182,183,187,189,191,194,197,198,200,206,209,210,216,219,221,228,234,236,238,239,241,242,244,248,249,250"
Spliting de-noised 4D image into 3D images for subject /mnt/hgfs/D/Smoothed_epis_EXT_T1_20211126/Copy_smoothed_epis_T1_Patienten_Gesunde/sourcedata/Patienten/sub-1072/Ma2/func

Create .nii files and no .img/.hdr files for /mnt/hgfs/D/Smoothed_epis_EXT_T1_20211126/Copy_smoothed_epis_T1_Patienten_Gesunde/sourcedata/Patienten/sub-1072/Ma2/func

22-Jan-2023 01:39:46 - Completed SOCK processing in /mnt/hgfs/D/Smoothed_epis_EXT_T1_20211126/Copy_smoothed_epis_T1_Patienten_Gesunde/sourcedata/Patienten/sub-1072/Ma2/func
22-Jan-2023 01:39:47 - Commencing SOCK processing in /mnt/hgfs/D/Smoothed_epis_EXT_T1_20211126/Copy_smoothed_epis_T1_Patienten_Gesunde/sourcedata/Patienten/sub-1310/Ma2/func
Unable to read TR from _header_info.txt. Assuming TR is 2.0

pickString =

    'all'

Merged data /mnt/hgfs/D/Smoothed_epis_EXT_T1_20211126/Copy_smoothed_epis_T1_Patienten_Gesunde/sourcedata/Patienten/sub-1310/Ma2/func/FWHM_8_img___all.nii.gz already exists, will re-use it...

A Melodic directory for subject /mnt/hgfs/D/Smoothed_epis_EXT_T1_20211126/Copy_smoothed_epis_T1_Patienten_Gesunde/sourcedata/Patienten/sub-1310/Ma2/func already exists...
If you want to re-run Melodic, delete the old FWHM_8_img___all.ica folder...

Made SOCK temporary directory: /tmp/tp4768830a_8342_4cd6_8cd8_667c2b1a335c_SOCK
Running SOCK on /mnt/hgfs/D/Smoothed_epis_EXT_T1_20211126/Copy_smoothed_epis_T1_Patienten_Gesunde/sourcedata/Patienten/sub-1310/Ma2/func/FWHM_8_img___all.ica/

Using mean functional image for SOCK analysis...
Using existing CSF and masks...
Converting thresholded images in stats dir to NIFTI_PAIR format...

Images in stats dir are already in NIFTI_PAIR format
Obtaining CSF and edge activity measures for SOCK analysis...

Using CSF activity from previous run...

Using edge activity from previous run...

DONE

Obtaining smoothness measures for SOCK analysis...

Obtaining power spectrum measures for SOCK analysis...


TR =

     2

Classifying ICs using SOCK...

Completed SOCK procedure

The following 58 of 185 components were identified as definite artifacts by SOCK:
 1,2,3,4,7,9,10,11,14,15,16,18,19,24,29,34,35,37,38,39,41,44,45,48,49,50,53,63,64,66,68,71,87,89,91,94,97,101,102,104,107,112,125,130,136,138,139,140,149,153,164,165,171,175,181,182,184,185

The following 33 of 185 components were identified as possible artifacts by SOCK:
 8,12,21,22,28,30,33,40,46,51,55,62,69,81,88,100,108,115,123,127,132,135,155,158,159,162,168,169,170,173,176,177,183

The following 94 of 185 components were identified as unlikely artifacts by SOCK:
 5,6,13,17,20,23,25,26,27,31,32,36,42,43,47,52,54,56,57,58,59,60,61,65,67,70,72,73,74,75,76,77,78,79,80,82,83,84,85,86,90,92,93,95,96,98,99,103,105,106,109,110,111,113,114,116,117,118,119,120,121,122,124,126,128,129,131,133,134,137,141,142,143,144,145,146,147,148,150,151,152,154,156,157,160,161,163,166,167,172,174,178,179,180

The 58 definite artifact components will be regressed out when reconstructing the denoised time-series.
Denoised data for subject /mnt/hgfs/D/Smoothed_epis_EXT_T1_20211126/Copy_smoothed_epis_T1_Patienten_Gesunde/sourcedata/Patienten/sub-1310/Ma2/func already exists...

Spliting de-noised 4D image into 3D images for subject /mnt/hgfs/D/Smoothed_epis_EXT_T1_20211126/Copy_smoothed_epis_T1_Patienten_Gesunde/sourcedata/Patienten/sub-1310/Ma2/func

Create .nii files and no .img/.hdr files for /mnt/hgfs/D/Smoothed_epis_EXT_T1_20211126/Copy_smoothed_epis_T1_Patienten_Gesunde/sourcedata/Patienten/sub-1310/Ma2/func

22-Jan-2023 01:51:23 - Completed SOCK processing in /mnt/hgfs/D/Smoothed_epis_EXT_T1_20211126/Copy_smoothed_epis_T1_Patienten_Gesunde/sourcedata/Patienten/sub-1310/Ma2/func
22-Jan-2023 01:51:23 - Commencing SOCK processing in /mnt/hgfs/D/Smoothed_epis_EXT_T1_20211126/Copy_smoothed_epis_T1_Patienten_Gesunde/sourcedata/Patienten/sub-4030/Ma2/func
Unable to read TR from _header_info.txt. Assuming TR is 2.0

pickString =

    'all'

Merged data /mnt/hgfs/D/Smoothed_epis_EXT_T1_20211126/Copy_smoothed_epis_T1_Patienten_Gesunde/sourcedata/Patienten/sub-4030/Ma2/func/FWHM_8_img___all.nii.gz already exists, will re-use it...

A Melodic directory for subject /mnt/hgfs/D/Smoothed_epis_EXT_T1_20211126/Copy_smoothed_epis_T1_Patienten_Gesunde/sourcedata/Patienten/sub-4030/Ma2/func already exists...
If you want to re-run Melodic, delete the old FWHM_8_img___all.ica folder...

Made SOCK temporary directory: /tmp/tpadb87253_e7bf_4252_a13e_3edc42bd2e8a_SOCK
Running SOCK on /mnt/hgfs/D/Smoothed_epis_EXT_T1_20211126/Copy_smoothed_epis_T1_Patienten_Gesunde/sourcedata/Patienten/sub-4030/Ma2/func/FWHM_8_img___all.ica/

Using mean functional image for SOCK analysis...
Using existing CSF and masks...
Converting thresholded images in stats dir to NIFTI_PAIR format...

Images in stats dir are already in NIFTI_PAIR format
Obtaining CSF and edge activity measures for SOCK analysis...

Using CSF activity from previous run...

Using edge activity from previous run...

DONE

Obtaining smoothness measures for SOCK analysis...

Obtaining power spectrum measures for SOCK analysis...


TR =

     2

Classifying ICs using SOCK...

Completed SOCK procedure

The following 12 of 29 components were identified as definite artifacts by SOCK:
 10,11,12,17,18,20,21,22,24,25,26,29

The following 6 of 29 components were identified as possible artifacts by SOCK:
 2,8,13,14,23,28

The following 11 of 29 components were identified as unlikely artifacts by SOCK:
 1,3,4,5,6,7,9,15,16,19,27

The 12 definite artifact components will be regressed out when reconstructing the denoised time-series.
Denoised data for subject /mnt/hgfs/D/Smoothed_epis_EXT_T1_20211126/Copy_smoothed_epis_T1_Patienten_Gesunde/sourcedata/Patienten/sub-4030/Ma2/func already exists...

Spliting de-noised 4D image into 3D images for subject /mnt/hgfs/D/Smoothed_epis_EXT_T1_20211126/Copy_smoothed_epis_T1_Patienten_Gesunde/sourcedata/Patienten/sub-4030/Ma2/func

Create .nii files and no .img/.hdr files for /mnt/hgfs/D/Smoothed_epis_EXT_T1_20211126/Copy_smoothed_epis_T1_Patienten_Gesunde/sourcedata/Patienten/sub-4030/Ma2/func

22-Jan-2023 01:59:29 - Completed SOCK processing in /mnt/hgfs/D/Smoothed_epis_EXT_T1_20211126/Copy_smoothed_epis_T1_Patienten_Gesunde/sourcedata/Patienten/sub-4030/Ma2/func
22-Jan-2023 01:59:29 - Commencing SOCK processing in /mnt/hgfs/D/Smoothed_epis_EXT_T1_20211126/Copy_smoothed_epis_T1_Patienten_Gesunde/sourcedata/Patienten/sub-5003/Ma2/func
Unable to read TR from _header_info.txt. Assuming TR is 2.0

pickString =

    'all'

Merged data /mnt/hgfs/D/Smoothed_epis_EXT_T1_20211126/Copy_smoothed_epis_T1_Patienten_Gesunde/sourcedata/Patienten/sub-5003/Ma2/func/FWHM_8_img___all.nii.gz already exists, will re-use it...

A Melodic directory for subject /mnt/hgfs/D/Smoothed_epis_EXT_T1_20211126/Copy_smoothed_epis_T1_Patienten_Gesunde/sourcedata/Patienten/sub-5003/Ma2/func already exists...
If you want to re-run Melodic, delete the old FWHM_8_img___all.ica folder...

Made SOCK temporary directory: /tmp/tp76755480_72da_4159_a3a1_12afad8021bb_SOCK
Running SOCK on /mnt/hgfs/D/Smoothed_epis_EXT_T1_20211126/Copy_smoothed_epis_T1_Patienten_Gesunde/sourcedata/Patienten/sub-5003/Ma2/func/FWHM_8_img___all.ica/

Using mean functional image for SOCK analysis...
Using existing CSF and masks...
Converting thresholded images in stats dir to NIFTI_PAIR format...

Images in stats dir are already in NIFTI_PAIR format
Obtaining CSF and edge activity measures for SOCK analysis...

Using CSF activity from previous run...

Using edge activity from previous run...

DONE

Obtaining smoothness measures for SOCK analysis...

Obtaining power spectrum measures for SOCK analysis...


TR =

     2

Classifying ICs using SOCK...

Completed SOCK procedure

The following 52 of 191 components were identified as definite artifacts by SOCK:
 2,20,22,31,32,35,36,37,40,42,44,50,53,60,62,73,78,82,83,86,88,92,95,97,100,102,117,118,122,123,136,141,145,147,149,153,158,168,170,173,175,176,178,181,182,183,185,186,187,189,190,191

The following 68 of 191 components were identified as possible artifacts by SOCK:
 1,3,5,6,9,10,12,14,16,17,19,21,27,29,30,34,38,39,43,45,49,57,59,65,67,68,70,76,79,81,87,90,93,94,99,104,107,111,114,121,124,125,127,129,133,135,138,140,144,146,148,151,152,155,157,159,162,163,164,165,166,169,171,172,174,177,179,184

The following 71 of 191 components were identified as unlikely artifacts by SOCK:
 4,7,8,11,13,15,18,23,24,25,26,28,33,41,46,47,48,51,52,54,55,56,58,61,63,64,66,69,71,72,74,75,77,80,84,85,89,91,96,98,101,103,105,106,108,109,110,112,113,115,116,119,120,126,128,130,131,132,134,137,139,142,143,150,154,156,160,161,167,180,188

The 52 definite artifact components will be regressed out when reconstructing the denoised time-series.
Denoised data for subject /mnt/hgfs/D/Smoothed_epis_EXT_T1_20211126/Copy_smoothed_epis_T1_Patienten_Gesunde/sourcedata/Patienten/sub-5003/Ma2/func already exists...

Spliting de-noised 4D image into 3D images for subject /mnt/hgfs/D/Smoothed_epis_EXT_T1_20211126/Copy_smoothed_epis_T1_Patienten_Gesunde/sourcedata/Patienten/sub-5003/Ma2/func

Create .nii files and no .img/.hdr files for /mnt/hgfs/D/Smoothed_epis_EXT_T1_20211126/Copy_smoothed_epis_T1_Patienten_Gesunde/sourcedata/Patienten/sub-5003/Ma2/func

22-Jan-2023 02:11:25 - Completed SOCK processing in /mnt/hgfs/D/Smoothed_epis_EXT_T1_20211126/Copy_smoothed_epis_T1_Patienten_Gesunde/sourcedata/Patienten/sub-5003/Ma2/func
22-Jan-2023 02:11:26 - Commencing SOCK processing in /mnt/hgfs/D/Smoothed_epis_EXT_T1_20211126/Copy_smoothed_epis_T1_Patienten_Gesunde/sourcedata/Patienten/sub-5026/Ma2/func
Unable to read TR from _header_info.txt. Assuming TR is 2.0

pickString =

    'all'

Merged data /mnt/hgfs/D/Smoothed_epis_EXT_T1_20211126/Copy_smoothed_epis_T1_Patienten_Gesunde/sourcedata/Patienten/sub-5026/Ma2/func/FWHM_8_img___all.nii.gz already exists, will re-use it...

A Melodic directory for subject /mnt/hgfs/D/Smoothed_epis_EXT_T1_20211126/Copy_smoothed_epis_T1_Patienten_Gesunde/sourcedata/Patienten/sub-5026/Ma2/func already exists...
If you want to re-run Melodic, delete the old FWHM_8_img___all.ica folder...

Made SOCK temporary directory: /tmp/tpc3dffd95_311c_4ec8_9d0a_5fdeaa939d06_SOCK
Running SOCK on /mnt/hgfs/D/Smoothed_epis_EXT_T1_20211126/Copy_smoothed_epis_T1_Patienten_Gesunde/sourcedata/Patienten/sub-5026/Ma2/func/FWHM_8_img___all.ica/

Using mean functional image for SOCK analysis...
Using existing CSF and masks...
Converting thresholded images in stats dir to NIFTI_PAIR format...

Images in stats dir are already in NIFTI_PAIR format
Obtaining CSF and edge activity measures for SOCK analysis...

Using CSF activity from previous run...

Using edge activity from previous run...

DONE

Obtaining smoothness measures for SOCK analysis...

Obtaining power spectrum measures for SOCK analysis...


TR =

     2

Classifying ICs using SOCK...

Completed SOCK procedure

The following 50 of 131 components were identified as definite artifacts by SOCK:
 1,3,4,6,9,11,13,15,17,18,20,21,25,29,31,32,33,34,38,45,47,48,50,52,54,55,63,64,66,69,75,76,77,88,91,95,100,102,104,105,106,116,117,120,124,126,127,128,129,131

The following 47 of 131 components were identified as possible artifacts by SOCK:
 2,7,16,19,22,23,24,26,27,28,36,37,39,40,41,42,43,46,51,53,56,58,59,61,67,71,74,81,83,84,85,86,87,92,96,97,101,109,111,112,113,115,119,121,122,123,130

The following 34 of 131 components were identified as unlikely artifacts by SOCK:
 5,8,10,12,14,30,35,44,49,57,60,62,65,68,70,72,73,78,79,80,82,89,90,93,94,98,99,103,107,108,110,114,118,125

The 50 definite artifact components will be regressed out when reconstructing the denoised time-series.
Reconstructing denoised time-series for subject /mnt/hgfs/D/Smoothed_epis_EXT_T1_20211126/Copy_smoothed_epis_T1_Patienten_Gesunde/sourcedata/Patienten/sub-5026/Ma2/func

Current directory is /mnt/hgfs/D/Smoothed_epis_EXT_T1_20211126/Copy_smoothed_epis_T1_Patienten_Gesunde/sourcedata/Patienten/sub-5026/Ma2/func/FWHM_8_img___all.ica
fsl_regfilt -i ../FWHM_8_img___all -o denoised_data -d melodic_mix -f "1,3,4,6,9,11,13,15,17,18,20,21,25,29,31,32,33,34,38,45,47,48,50,52,54,55,63,64,66,69,75,76,77,88,91,95,100,102,104,105,106,116,117,120,124,126,127,128,129,131"
Spliting de-noised 4D image into 3D images for subject /mnt/hgfs/D/Smoothed_epis_EXT_T1_20211126/Copy_smoothed_epis_T1_Patienten_Gesunde/sourcedata/Patienten/sub-5026/Ma2/func

Create .nii files and no .img/.hdr files for /mnt/hgfs/D/Smoothed_epis_EXT_T1_20211126/Copy_smoothed_epis_T1_Patienten_Gesunde/sourcedata/Patienten/sub-5026/Ma2/func

22-Jan-2023 02:28:27 - Completed SOCK processing in /mnt/hgfs/D/Smoothed_epis_EXT_T1_20211126/Copy_smoothed_epis_T1_Patienten_Gesunde/sourcedata/Patienten/sub-5026/Ma2/func
22-Jan-2023 02:28:28 - Commencing SOCK processing in /mnt/hgfs/D/Smoothed_epis_EXT_T1_20211126/Copy_smoothed_epis_T1_Patienten_Gesunde/sourcedata/Patienten/sub-1056/Ma2/func
Unable to read TR from _header_info.txt. Assuming TR is 2.0

pickString =

    'all'

Merged data /mnt/hgfs/D/Smoothed_epis_EXT_T1_20211126/Copy_smoothed_epis_T1_Patienten_Gesunde/sourcedata/Patienten/sub-1056/Ma2/func/FWHM_8_img___all.nii.gz already exists, will re-use it...

A Melodic directory for subject /mnt/hgfs/D/Smoothed_epis_EXT_T1_20211126/Copy_smoothed_epis_T1_Patienten_Gesunde/sourcedata/Patienten/sub-1056/Ma2/func already exists...
If you want to re-run Melodic, delete the old FWHM_8_img___all.ica folder...

Made SOCK temporary directory: /tmp/tp6eafeb14_075d_4812_a0b4_d666dfc4cd99_SOCK
Running SOCK on /mnt/hgfs/D/Smoothed_epis_EXT_T1_20211126/Copy_smoothed_epis_T1_Patienten_Gesunde/sourcedata/Patienten/sub-1056/Ma2/func/FWHM_8_img___all.ica/

Using mean functional image for SOCK analysis...
Using existing CSF and masks...
Converting thresholded images in stats dir to NIFTI_PAIR format...

Images in stats dir are already in NIFTI_PAIR format
Obtaining CSF and edge activity measures for SOCK analysis...

Using CSF activity from previous run...

Using edge activity from previous run...

DONE

Obtaining smoothness measures for SOCK analysis...

Obtaining power spectrum measures for SOCK analysis...


TR =

     2

Classifying ICs using SOCK...

Completed SOCK procedure

The following 66 of 191 components were identified as definite artifacts by SOCK:
 3,4,5,6,7,8,12,13,14,16,17,18,19,26,28,29,30,32,33,34,37,39,46,51,55,60,62,67,70,71,76,79,81,85,88,96,98,104,110,116,118,121,125,126,129,133,134,135,142,143,154,158,159,161,165,166,170,174,177,180,182,183,184,189,190,191

The following 45 of 191 components were identified as possible artifacts by SOCK:
 1,2,9,11,20,21,22,23,24,31,35,36,38,43,44,48,49,54,56,58,65,66,68,69,72,78,82,86,89,94,99,102,107,115,119,123,132,138,146,157,163,173,179,181,186

The following 80 of 191 components were identified as unlikely artifacts by SOCK:
 10,15,25,27,40,41,42,45,47,50,52,53,57,59,61,63,64,73,74,75,77,80,83,84,87,90,91,92,93,95,97,100,101,103,105,106,108,109,111,112,113,114,117,120,122,124,127,128,130,131,136,137,139,140,141,144,145,147,148,149,150,151,152,153,155,156,160,162,164,167,168,169,171,172,175,176,178,185,187,188

The 66 definite artifact components will be regressed out when reconstructing the denoised time-series.
Denoised data for subject /mnt/hgfs/D/Smoothed_epis_EXT_T1_20211126/Copy_smoothed_epis_T1_Patienten_Gesunde/sourcedata/Patienten/sub-1056/Ma2/func already exists...

Spliting de-noised 4D image into 3D images for subject /mnt/hgfs/D/Smoothed_epis_EXT_T1_20211126/Copy_smoothed_epis_T1_Patienten_Gesunde/sourcedata/Patienten/sub-1056/Ma2/func

Create .nii files and no .img/.hdr files for /mnt/hgfs/D/Smoothed_epis_EXT_T1_20211126/Copy_smoothed_epis_T1_Patienten_Gesunde/sourcedata/Patienten/sub-1056/Ma2/func

22-Jan-2023 02:40:23 - Completed SOCK processing in /mnt/hgfs/D/Smoothed_epis_EXT_T1_20211126/Copy_smoothed_epis_T1_Patienten_Gesunde/sourcedata/Patienten/sub-1056/Ma2/func
22-Jan-2023 02:40:23 - Commencing SOCK processing in /mnt/hgfs/D/Smoothed_epis_EXT_T1_20211126/Copy_smoothed_epis_T1_Patienten_Gesunde/sourcedata/Patienten/sub-1060/Ma2/func
Unable to read TR from _header_info.txt. Assuming TR is 2.0

pickString =

    'all'

Merged data /mnt/hgfs/D/Smoothed_epis_EXT_T1_20211126/Copy_smoothed_epis_T1_Patienten_Gesunde/sourcedata/Patienten/sub-1060/Ma2/func/FWHM_8_img___all.nii.gz already exists, will re-use it...

A Melodic directory for subject /mnt/hgfs/D/Smoothed_epis_EXT_T1_20211126/Copy_smoothed_epis_T1_Patienten_Gesunde/sourcedata/Patienten/sub-1060/Ma2/func already exists...
If you want to re-run Melodic, delete the old FWHM_8_img___all.ica folder...

Made SOCK temporary directory: /tmp/tpd71e97e6_1fc5_4f5a_b3a6_f3706d429c08_SOCK
Running SOCK on /mnt/hgfs/D/Smoothed_epis_EXT_T1_20211126/Copy_smoothed_epis_T1_Patienten_Gesunde/sourcedata/Patienten/sub-1060/Ma2/func/FWHM_8_img___all.ica/

Using mean functional image for SOCK analysis...
Using existing CSF and masks...
Converting thresholded images in stats dir to NIFTI_PAIR format...

Images in stats dir are already in NIFTI_PAIR format
Obtaining CSF and edge activity measures for SOCK analysis...

Using CSF activity from previous run...

Using edge activity from previous run...

DONE

Obtaining smoothness measures for SOCK analysis...

Obtaining power spectrum measures for SOCK analysis...


TR =

     2

Classifying ICs using SOCK...

Completed SOCK procedure

The following 68 of 191 components were identified as definite artifacts by SOCK:
 1,5,6,7,8,9,10,11,12,13,14,15,16,17,18,19,20,22,23,25,27,28,29,30,31,33,36,38,40,41,44,52,56,58,62,64,68,76,80,85,96,101,104,107,115,116,121,123,134,137,139,143,149,151,154,159,160,164,166,167,168,169,171,175,178,183,186,190

The following 27 of 191 components were identified as possible artifacts by SOCK:
 3,21,24,39,47,48,55,63,74,79,99,105,122,126,129,144,148,157,162,174,180,181,185,187,188,189,191

The following 96 of 191 components were identified as unlikely artifacts by SOCK:
 2,4,26,32,34,35,37,42,43,45,46,49,50,51,53,54,57,59,60,61,65,66,67,69,70,71,72,73,75,77,78,81,82,83,84,86,87,88,89,90,91,92,93,94,95,97,98,100,102,103,106,108,109,110,111,112,113,114,117,118,119,120,124,125,127,128,130,131,132,133,135,136,138,140,141,142,145,146,147,150,152,153,155,156,158,161,163,165,170,172,173,176,177,179,182,184

The 68 definite artifact components will be regressed out when reconstructing the denoised time-series.
Denoised data for subject /mnt/hgfs/D/Smoothed_epis_EXT_T1_20211126/Copy_smoothed_epis_T1_Patienten_Gesunde/sourcedata/Patienten/sub-1060/Ma2/func already exists...

Spliting de-noised 4D image into 3D images for subject /mnt/hgfs/D/Smoothed_epis_EXT_T1_20211126/Copy_smoothed_epis_T1_Patienten_Gesunde/sourcedata/Patienten/sub-1060/Ma2/func

Create .nii files and no .img/.hdr files for /mnt/hgfs/D/Smoothed_epis_EXT_T1_20211126/Copy_smoothed_epis_T1_Patienten_Gesunde/sourcedata/Patienten/sub-1060/Ma2/func

22-Jan-2023 02:51:41 - Completed SOCK processing in /mnt/hgfs/D/Smoothed_epis_EXT_T1_20211126/Copy_smoothed_epis_T1_Patienten_Gesunde/sourcedata/Patienten/sub-1060/Ma2/func
