Using SOCK located in /home/fsluser/SOCK

SOCK Version 1.4d
2018-09-25
Using SPM12 release 7771
21-Jan-2023 21:37:02 - Commencing SOCK processing in /mnt/hgfs/D/Smoothed_epis_EXT_T1_20211126/Copy_smoothed_epis_T1_Patienten_Gesunde/sourcedata/Gesunde/sub-1977/Ma2/func
Unable to read TR from _header_info.txt. Assuming TR is 2.0

pickString =

    'all'

Merged data /mnt/hgfs/D/Smoothed_epis_EXT_T1_20211126/Copy_smoothed_epis_T1_Patienten_Gesunde/sourcedata/Gesunde/sub-1977/Ma2/func/FWHM_8_img___all.nii.gz already exists, will re-use it...

A Melodic directory for subject /mnt/hgfs/D/Smoothed_epis_EXT_T1_20211126/Copy_smoothed_epis_T1_Patienten_Gesunde/sourcedata/Gesunde/sub-1977/Ma2/func already exists...
If you want to re-run Melodic, delete the old FWHM_8_img___all.ica folder...

Made SOCK temporary directory: /tmp/tpa751650d_7a26_4c01_ad80_2800639c9d5f_SOCK
Running SOCK on /mnt/hgfs/D/Smoothed_epis_EXT_T1_20211126/Copy_smoothed_epis_T1_Patienten_Gesunde/sourcedata/Gesunde/sub-1977/Ma2/func/FWHM_8_img___all.ica/

Using mean functional image for SOCK analysis...
Using existing CSF and masks...
Converting thresholded images in stats dir to NIFTI_PAIR format...

Images in stats dir are already in NIFTI_PAIR format
Obtaining CSF and edge activity measures for SOCK analysis...

Using CSF activity from previous run...

Using edge activity from previous run...

DONE

Obtaining smoothness measures for SOCK analysis...

Obtaining power spectrum measures for SOCK analysis...


TR =

     2

Classifying ICs using SOCK...

Completed SOCK procedure

The following 41 of 122 components were identified as definite artifacts by SOCK:
 1,2,4,7,8,9,10,11,12,13,15,17,20,21,23,25,26,27,31,35,37,39,40,43,50,52,54,64,65,67,74,80,86,88,89,93,94,97,106,117,121

The following 17 of 122 components were identified as possible artifacts by SOCK:
 3,5,6,18,28,32,41,55,57,61,63,70,79,81,105,108,118

The following 64 of 122 components were identified as unlikely artifacts by SOCK:
 14,16,19,22,24,29,30,33,34,36,38,42,44,45,46,47,48,49,51,53,56,58,59,60,62,66,68,69,71,72,73,75,76,77,78,82,83,84,85,87,90,91,92,95,96,98,99,100,101,102,103,104,107,109,110,111,112,113,114,115,116,119,120,122

The 41 definite artifact components will be regressed out when reconstructing the denoised time-series.
Denoised data for subject /mnt/hgfs/D/Smoothed_epis_EXT_T1_20211126/Copy_smoothed_epis_T1_Patienten_Gesunde/sourcedata/Gesunde/sub-1977/Ma2/func already exists...

Spliting de-noised 4D image into 3D images for subject /mnt/hgfs/D/Smoothed_epis_EXT_T1_20211126/Copy_smoothed_epis_T1_Patienten_Gesunde/sourcedata/Gesunde/sub-1977/Ma2/func

++ WARNING: nifti_read_buffer(denoised_data.nii.gz):
   data bytes needed = 2371580
   data bytes input  = 491381
   number missing    = 1880199 (set to 0)
++ WARNING: nifti_read_buffer(denoised_data.nii.gz):
   data bytes needed = 2371580
   data bytes input  = 0
   number missing    = 2371580 (set to 0)
++ WARNING: nifti_read_buffer(denoised_data.nii.gz):
   data bytes needed = 2371580
   data bytes input  = 0
   number missing    = 2371580 (set to 0)
++ WARNING: nifti_read_buffer(denoised_data.nii.gz):
   data bytes needed = 2371580
   data bytes input  = 0
   number missing    = 2371580 (set to 0)
++ WARNING: nifti_read_buffer(denoised_data.nii.gz):
   data bytes needed = 2371580
   data bytes input  = 0
   number missing    = 2371580 (set to 0)
++ WARNING: nifti_read_buffer(denoised_data.nii.gz):
   data bytes needed = 2371580
   data bytes input  = 0
   number missing    = 2371580 (set to 0)
++ WARNING: nifti_read_buffer(denoised_data.nii.gz):
   data bytes needed = 2371580
   data bytes input  = 0
   number missing    = 2371580 (set to 0)
++ WARNING: nifti_read_buffer(denoised_data.nii.gz):
   data bytes needed = 2371580
   data bytes input  = 0
   number missing    = 2371580 (set to 0)
++ WARNING: nifti_read_buffer(denoised_data.nii.gz):
   data bytes needed = 2371580
   data bytes input  = 0
   number missing    = 2371580 (set to 0)
++ WARNING: nifti_read_buffer(denoised_data.nii.gz):
   data bytes needed = 2371580
   data bytes input  = 0
   number missing    = 2371580 (set to 0)
++ WARNING: nifti_read_buffer(denoised_data.nii.gz):
   data bytes needed = 2371580
   data bytes input  = 0
   number missing    = 2371580 (set to 0)
++ WARNING: nifti_read_buffer(denoised_data.nii.gz):
   data bytes needed = 2371580
   data bytes input  = 0
   number missing    = 2371580 (set to 0)
++ WARNING: nifti_read_buffer(denoised_data.nii.gz):
   data bytes needed = 2371580
   data bytes input  = 0
   number missing    = 2371580 (set to 0)
++ WARNING: nifti_read_buffer(denoised_data.nii.gz):
   data bytes needed = 2371580
   data bytes input  = 0
   number missing    = 2371580 (set to 0)
++ WARNING: nifti_read_buffer(denoised_data.nii.gz):
   data bytes needed = 2371580
   data bytes input  = 0
   number missing    = 2371580 (set to 0)
++ WARNING: nifti_read_buffer(denoised_data.nii.gz):
   data bytes needed = 2371580
   data bytes input  = 0
   number missing    = 2371580 (set to 0)
++ WARNING: nifti_read_buffer(denoised_data.nii.gz):
   data bytes needed = 2371580
   data bytes input  = 0
   number missing    = 2371580 (set to 0)
++ WARNING: nifti_read_buffer(denoised_data.nii.gz):
   data bytes needed = 2371580
   data bytes input  = 0
   number missing    = 2371580 (set to 0)
++ WARNING: nifti_read_buffer(denoised_data.nii.gz):
   data bytes needed = 2371580
   data bytes input  = 0
   number missing    = 2371580 (set to 0)
++ WARNING: nifti_read_buffer(denoised_data.nii.gz):
   data bytes needed = 2371580
   data bytes input  = 0
   number missing    = 2371580 (set to 0)
++ WARNING: nifti_read_buffer(denoised_data.nii.gz):
   data bytes needed = 2371580
   data bytes input  = 0
   number missing    = 2371580 (set to 0)
++ WARNING: nifti_read_buffer(denoised_data.nii.gz):
   data bytes needed = 2371580
   data bytes input  = 0
   number missing    = 2371580 (set to 0)
++ WARNING: nifti_read_buffer(denoised_data.nii.gz):
   data bytes needed = 2371580
   data bytes input  = 0
   number missing    = 2371580 (set to 0)
++ WARNING: nifti_read_buffer(denoised_data.nii.gz):
   data bytes needed = 2371580
   data bytes input  = 0
   number missing    = 2371580 (set to 0)
++ WARNING: nifti_read_buffer(denoised_data.nii.gz):
   data bytes needed = 2371580
   data bytes input  = 0
   number missing    = 2371580 (set to 0)
++ WARNING: nifti_read_buffer(denoised_data.nii.gz):
   data bytes needed = 2371580
   data bytes input  = 0
   number missing    = 2371580 (set to 0)
++ WARNING: nifti_read_buffer(denoised_data.nii.gz):
   data bytes needed = 2371580
   data bytes input  = 0
   number missing    = 2371580 (set to 0)
++ WARNING: nifti_read_buffer(denoised_data.nii.gz):
   data bytes needed = 2371580
   data bytes input  = 0
   number missing    = 2371580 (set to 0)
++ WARNING: nifti_read_buffer(denoised_data.nii.gz):
   data bytes needed = 2371580
   data bytes input  = 0
   number missing    = 2371580 (set to 0)
++ WARNING: nifti_read_buffer(denoised_data.nii.gz):
   data bytes needed = 2371580
   data bytes input  = 0
   number missing    = 2371580 (set to 0)
++ WARNING: nifti_read_buffer(denoised_data.nii.gz):
   data bytes needed = 2371580
   data bytes input  = 0
   number missing    = 2371580 (set to 0)
++ WARNING: nifti_read_buffer(denoised_data.nii.gz):
   data bytes needed = 2371580
   data bytes input  = 0
   number missing    = 2371580 (set to 0)
++ WARNING: nifti_read_buffer(denoised_data.nii.gz):
   data bytes needed = 2371580
   data bytes input  = 0
   number missing    = 2371580 (set to 0)
++ WARNING: nifti_read_buffer(denoised_data.nii.gz):
   data bytes needed = 2371580
   data bytes input  = 0
   number missing    = 2371580 (set to 0)
++ WARNING: nifti_read_buffer(denoised_data.nii.gz):
   data bytes needed = 2371580
   data bytes input  = 0
   number missing    = 2371580 (set to 0)
++ WARNING: nifti_read_buffer(denoised_data.nii.gz):
   data bytes needed = 2371580
   data bytes input  = 0
   number missing    = 2371580 (set to 0)
++ WARNING: nifti_read_buffer(denoised_data.nii.gz):
   data bytes needed = 2371580
   data bytes input  = 0
   number missing    = 2371580 (set to 0)
++ WARNING: nifti_read_buffer(denoised_data.nii.gz):
   data bytes needed = 2371580
   data bytes input  = 0
   number missing    = 2371580 (set to 0)
++ WARNING: nifti_read_buffer(denoised_data.nii.gz):
   data bytes needed = 2371580
   data bytes input  = 0
   number missing    = 2371580 (set to 0)
++ WARNING: nifti_read_buffer(denoised_data.nii.gz):
   data bytes needed = 2371580
   data bytes input  = 0
   number missing    = 2371580 (set to 0)
++ WARNING: nifti_read_buffer(denoised_data.nii.gz):
   data bytes needed = 2371580
   data bytes input  = 0
   number missing    = 2371580 (set to 0)
++ WARNING: nifti_read_buffer(denoised_data.nii.gz):
   data bytes needed = 2371580
   data bytes input  = 0
   number missing    = 2371580 (set to 0)
++ WARNING: nifti_read_buffer(denoised_data.nii.gz):
   data bytes needed = 2371580
   data bytes input  = 0
   number missing    = 2371580 (set to 0)
++ WARNING: nifti_read_buffer(denoised_data.nii.gz):
   data bytes needed = 2371580
   data bytes input  = 0
   number missing    = 2371580 (set to 0)
++ WARNING: nifti_read_buffer(denoised_data.nii.gz):
   data bytes needed = 2371580
   data bytes input  = 0
   number missing    = 2371580 (set to 0)
++ WARNING: nifti_read_buffer(denoised_data.nii.gz):
   data bytes needed = 2371580
   data bytes input  = 0
   number missing    = 2371580 (set to 0)
++ WARNING: nifti_read_buffer(denoised_data.nii.gz):
   data bytes needed = 2371580
   data bytes input  = 0
   number missing    = 2371580 (set to 0)
++ WARNING: nifti_read_buffer(denoised_data.nii.gz):
   data bytes needed = 2371580
   data bytes input  = 0
   number missing    = 2371580 (set to 0)
++ WARNING: nifti_read_buffer(denoised_data.nii.gz):
   data bytes needed = 2371580
   data bytes input  = 0
   number missing    = 2371580 (set to 0)
++ WARNING: nifti_read_buffer(denoised_data.nii.gz):
   data bytes needed = 2371580
   data bytes input  = 0
   number missing    = 2371580 (set to 0)
++ WARNING: nifti_read_buffer(denoised_data.nii.gz):
   data bytes needed = 2371580
   data bytes input  = 0
   number missing    = 2371580 (set to 0)
++ WARNING: nifti_read_buffer(denoised_data.nii.gz):
   data bytes needed = 2371580
   data bytes input  = 0
   number missing    = 2371580 (set to 0)
++ WARNING: nifti_read_buffer(denoised_data.nii.gz):
   data bytes needed = 2371580
   data bytes input  = 0
   number missing    = 2371580 (set to 0)
++ WARNING: nifti_read_buffer(denoised_data.nii.gz):
   data bytes needed = 2371580
   data bytes input  = 0
   number missing    = 2371580 (set to 0)
++ WARNING: nifti_read_buffer(denoised_data.nii.gz):
   data bytes needed = 2371580
   data bytes input  = 0
   number missing    = 2371580 (set to 0)
++ WARNING: nifti_read_buffer(denoised_data.nii.gz):
   data bytes needed = 2371580
   data bytes input  = 0
   number missing    = 2371580 (set to 0)
++ WARNING: nifti_read_buffer(denoised_data.nii.gz):
   data bytes needed = 2371580
   data bytes input  = 0
   number missing    = 2371580 (set to 0)
++ WARNING: nifti_read_buffer(denoised_data.nii.gz):
   data bytes needed = 2371580
   data bytes input  = 0
   number missing    = 2371580 (set to 0)
++ WARNING: nifti_read_buffer(denoised_data.nii.gz):
   data bytes needed = 2371580
   data bytes input  = 0
   number missing    = 2371580 (set to 0)
++ WARNING: nifti_read_buffer(denoised_data.nii.gz):
   data bytes needed = 2371580
   data bytes input  = 0
   number missing    = 2371580 (set to 0)
++ WARNING: nifti_read_buffer(denoised_data.nii.gz):
   data bytes needed = 2371580
   data bytes input  = 0
   number missing    = 2371580 (set to 0)
++ WARNING: nifti_read_buffer(denoised_data.nii.gz):
   data bytes needed = 2371580
   data bytes input  = 0
   number missing    = 2371580 (set to 0)
++ WARNING: nifti_read_buffer(denoised_data.nii.gz):
   data bytes needed = 2371580
   data bytes input  = 0
   number missing    = 2371580 (set to 0)
++ WARNING: nifti_read_buffer(denoised_data.nii.gz):
   data bytes needed = 2371580
   data bytes input  = 0
   number missing    = 2371580 (set to 0)
++ WARNING: nifti_read_buffer(denoised_data.nii.gz):
   data bytes needed = 2371580
   data bytes input  = 0
   number missing    = 2371580 (set to 0)
++ WARNING: nifti_read_buffer(denoised_data.nii.gz):
   data bytes needed = 2371580
   data bytes input  = 0
   number missing    = 2371580 (set to 0)
++ WARNING: nifti_read_buffer(denoised_data.nii.gz):
   data bytes needed = 2371580
   data bytes input  = 0
   number missing    = 2371580 (set to 0)
++ WARNING: nifti_read_buffer(denoised_data.nii.gz):
   data bytes needed = 2371580
   data bytes input  = 0
   number missing    = 2371580 (set to 0)
++ WARNING: nifti_read_buffer(denoised_data.nii.gz):
   data bytes needed = 2371580
   data bytes input  = 0
   number missing    = 2371580 (set to 0)
++ WARNING: nifti_read_buffer(denoised_data.nii.gz):
   data bytes needed = 2371580
   data bytes input  = 0
   number missing    = 2371580 (set to 0)
++ WARNING: nifti_read_buffer(denoised_data.nii.gz):
   data bytes needed = 2371580
   data bytes input  = 0
   number missing    = 2371580 (set to 0)
++ WARNING: nifti_read_buffer(denoised_data.nii.gz):
   data bytes needed = 2371580
   data bytes input  = 0
   number missing    = 2371580 (set to 0)
++ WARNING: nifti_read_buffer(denoised_data.nii.gz):
   data bytes needed = 2371580
   data bytes input  = 0
   number missing    = 2371580 (set to 0)
++ WARNING: nifti_read_buffer(denoised_data.nii.gz):
   data bytes needed = 2371580
   data bytes input  = 0
   number missing    = 2371580 (set to 0)
++ WARNING: nifti_read_buffer(denoised_data.nii.gz):
   data bytes needed = 2371580
   data bytes input  = 0
   number missing    = 2371580 (set to 0)
++ WARNING: nifti_read_buffer(denoised_data.nii.gz):
   data bytes needed = 2371580
   data bytes input  = 0
   number missing    = 2371580 (set to 0)
++ WARNING: nifti_read_buffer(denoised_data.nii.gz):
   data bytes needed = 2371580
   data bytes input  = 0
   number missing    = 2371580 (set to 0)
++ WARNING: nifti_read_buffer(denoised_data.nii.gz):
   data bytes needed = 2371580
   data bytes input  = 0
   number missing    = 2371580 (set to 0)
++ WARNING: nifti_read_buffer(denoised_data.nii.gz):
   data bytes needed = 2371580
   data bytes input  = 0
   number missing    = 2371580 (set to 0)
++ WARNING: nifti_read_buffer(denoised_data.nii.gz):
   data bytes needed = 2371580
   data bytes input  = 0
   number missing    = 2371580 (set to 0)
++ WARNING: nifti_read_buffer(denoised_data.nii.gz):
   data bytes needed = 2371580
   data bytes input  = 0
   number missing    = 2371580 (set to 0)
++ WARNING: nifti_read_buffer(denoised_data.nii.gz):
   data bytes needed = 2371580
   data bytes input  = 0
   number missing    = 2371580 (set to 0)
++ WARNING: nifti_read_buffer(denoised_data.nii.gz):
   data bytes needed = 2371580
   data bytes input  = 0
   number missing    = 2371580 (set to 0)
++ WARNING: nifti_read_buffer(denoised_data.nii.gz):
   data bytes needed = 2371580
   data bytes input  = 0
   number missing    = 2371580 (set to 0)
++ WARNING: nifti_read_buffer(denoised_data.nii.gz):
   data bytes needed = 2371580
   data bytes input  = 0
   number missing    = 2371580 (set to 0)
++ WARNING: nifti_read_buffer(denoised_data.nii.gz):
   data bytes needed = 2371580
   data bytes input  = 0
   number missing    = 2371580 (set to 0)
++ WARNING: nifti_read_buffer(denoised_data.nii.gz):
   data bytes needed = 2371580
   data bytes input  = 0
   number missing    = 2371580 (set to 0)
++ WARNING: nifti_read_buffer(denoised_data.nii.gz):
   data bytes needed = 2371580
   data bytes input  = 0
   number missing    = 2371580 (set to 0)
++ WARNING: nifti_read_buffer(denoised_data.nii.gz):
   data bytes needed = 2371580
   data bytes input  = 0
   number missing    = 2371580 (set to 0)
++ WARNING: nifti_read_buffer(denoised_data.nii.gz):
   data bytes needed = 2371580
   data bytes input  = 0
   number missing    = 2371580 (set to 0)
++ WARNING: nifti_read_buffer(denoised_data.nii.gz):
   data bytes needed = 2371580
   data bytes input  = 0
   number missing    = 2371580 (set to 0)
++ WARNING: nifti_read_buffer(denoised_data.nii.gz):
   data bytes needed = 2371580
   data bytes input  = 0
   number missing    = 2371580 (set to 0)
++ WARNING: nifti_read_buffer(denoised_data.nii.gz):
   data bytes needed = 2371580
   data bytes input  = 0
   number missing    = 2371580 (set to 0)
++ WARNING: nifti_read_buffer(denoised_data.nii.gz):
   data bytes needed = 2371580
   data bytes input  = 0
   number missing    = 2371580 (set to 0)
++ WARNING: nifti_read_buffer(denoised_data.nii.gz):
   data bytes needed = 2371580
   data bytes input  = 0
   number missing    = 2371580 (set to 0)
++ WARNING: nifti_read_buffer(denoised_data.nii.gz):
   data bytes needed = 2371580
   data bytes input  = 0
   number missing    = 2371580 (set to 0)
++ WARNING: nifti_read_buffer(denoised_data.nii.gz):
   data bytes needed = 2371580
   data bytes input  = 0
   number missing    = 2371580 (set to 0)
++ WARNING: nifti_read_buffer(denoised_data.nii.gz):
   data bytes needed = 2371580
   data bytes input  = 0
   number missing    = 2371580 (set to 0)
++ WARNING: nifti_read_buffer(denoised_data.nii.gz):
   data bytes needed = 2371580
   data bytes input  = 0
   number missing    = 2371580 (set to 0)
++ WARNING: nifti_read_buffer(denoised_data.nii.gz):
   data bytes needed = 2371580
   data bytes input  = 0
   number missing    = 2371580 (set to 0)
++ WARNING: nifti_read_buffer(denoised_data.nii.gz):
   data bytes needed = 2371580
   data bytes input  = 0
   number missing    = 2371580 (set to 0)
++ WARNING: nifti_read_buffer(denoised_data.nii.gz):
   data bytes needed = 2371580
   data bytes input  = 0
   number missing    = 2371580 (set to 0)
++ WARNING: nifti_read_buffer(denoised_data.nii.gz):
   data bytes needed = 2371580
   data bytes input  = 0
   number missing    = 2371580 (set to 0)
++ WARNING: nifti_read_buffer(denoised_data.nii.gz):
   data bytes needed = 2371580
   data bytes input  = 0
   number missing    = 2371580 (set to 0)
++ WARNING: nifti_read_buffer(denoised_data.nii.gz):
   data bytes needed = 2371580
   data bytes input  = 0
   number missing    = 2371580 (set to 0)
++ WARNING: nifti_read_buffer(denoised_data.nii.gz):
   data bytes needed = 2371580
   data bytes input  = 0
   number missing    = 2371580 (set to 0)
++ WARNING: nifti_read_buffer(denoised_data.nii.gz):
   data bytes needed = 2371580
   data bytes input  = 0
   number missing    = 2371580 (set to 0)
++ WARNING: nifti_read_buffer(denoised_data.nii.gz):
   data bytes needed = 2371580
   data bytes input  = 0
   number missing    = 2371580 (set to 0)
++ WARNING: nifti_read_buffer(denoised_data.nii.gz):
   data bytes needed = 2371580
   data bytes input  = 0
   number missing    = 2371580 (set to 0)
++ WARNING: nifti_read_buffer(denoised_data.nii.gz):
   data bytes needed = 2371580
   data bytes input  = 0
   number missing    = 2371580 (set to 0)
++ WARNING: nifti_read_buffer(denoised_data.nii.gz):
   data bytes needed = 2371580
   data bytes input  = 0
   number missing    = 2371580 (set to 0)
++ WARNING: nifti_read_buffer(denoised_data.nii.gz):
   data bytes needed = 2371580
   data bytes input  = 0
   number missing    = 2371580 (set to 0)
++ WARNING: nifti_read_buffer(denoised_data.nii.gz):
   data bytes needed = 2371580
   data bytes input  = 0
   number missing    = 2371580 (set to 0)
++ WARNING: nifti_read_buffer(denoised_data.nii.gz):
   data bytes needed = 2371580
   data bytes input  = 0
   number missing    = 2371580 (set to 0)
++ WARNING: nifti_read_buffer(denoised_data.nii.gz):
   data bytes needed = 2371580
   data bytes input  = 0
   number missing    = 2371580 (set to 0)
++ WARNING: nifti_read_buffer(denoised_data.nii.gz):
   data bytes needed = 2371580
   data bytes input  = 0
   number missing    = 2371580 (set to 0)
++ WARNING: nifti_read_buffer(denoised_data.nii.gz):
   data bytes needed = 2371580
   data bytes input  = 0
   number missing    = 2371580 (set to 0)
++ WARNING: nifti_read_buffer(denoised_data.nii.gz):
   data bytes needed = 2371580
   data bytes input  = 0
   number missing    = 2371580 (set to 0)
++ WARNING: nifti_read_buffer(denoised_data.nii.gz):
   data bytes needed = 2371580
   data bytes input  = 0
   number missing    = 2371580 (set to 0)
++ WARNING: nifti_read_buffer(denoised_data.nii.gz):
   data bytes needed = 2371580
   data bytes input  = 0
   number missing    = 2371580 (set to 0)
++ WARNING: nifti_read_buffer(denoised_data.nii.gz):
   data bytes needed = 2371580
   data bytes input  = 0
   number missing    = 2371580 (set to 0)
++ WARNING: nifti_read_buffer(denoised_data.nii.gz):
   data bytes needed = 2371580
   data bytes input  = 0
   number missing    = 2371580 (set to 0)
++ WARNING: nifti_read_buffer(denoised_data.nii.gz):
   data bytes needed = 2371580
   data bytes input  = 0
   number missing    = 2371580 (set to 0)
++ WARNING: nifti_read_buffer(denoised_data.nii.gz):
   data bytes needed = 2371580
   data bytes input  = 0
   number missing    = 2371580 (set to 0)
++ WARNING: nifti_read_buffer(denoised_data.nii.gz):
   data bytes needed = 2371580
   data bytes input  = 0
   number missing    = 2371580 (set to 0)
++ WARNING: nifti_read_buffer(denoised_data.nii.gz):
   data bytes needed = 2371580
   data bytes input  = 0
   number missing    = 2371580 (set to 0)
++ WARNING: nifti_read_buffer(denoised_data.nii.gz):
   data bytes needed = 2371580
   data bytes input  = 0
   number missing    = 2371580 (set to 0)
++ WARNING: nifti_read_buffer(denoised_data.nii.gz):
   data bytes needed = 2371580
   data bytes input  = 0
   number missing    = 2371580 (set to 0)
++ WARNING: nifti_read_buffer(denoised_data.nii.gz):
   data bytes needed = 2371580
   data bytes input  = 0
   number missing    = 2371580 (set to 0)
++ WARNING: nifti_read_buffer(denoised_data.nii.gz):
   data bytes needed = 2371580
   data bytes input  = 0
   number missing    = 2371580 (set to 0)
++ WARNING: nifti_read_buffer(denoised_data.nii.gz):
   data bytes needed = 2371580
   data bytes input  = 0
   number missing    = 2371580 (set to 0)
++ WARNING: nifti_read_buffer(denoised_data.nii.gz):
   data bytes needed = 2371580
   data bytes input  = 0
   number missing    = 2371580 (set to 0)
++ WARNING: nifti_read_buffer(denoised_data.nii.gz):
   data bytes needed = 2371580
   data bytes input  = 0
   number missing    = 2371580 (set to 0)
++ WARNING: nifti_read_buffer(denoised_data.nii.gz):
   data bytes needed = 2371580
   data bytes input  = 0
   number missing    = 2371580 (set to 0)
++ WARNING: nifti_read_buffer(denoised_data.nii.gz):
   data bytes needed = 2371580
   data bytes input  = 0
   number missing    = 2371580 (set to 0)
++ WARNING: nifti_read_buffer(denoised_data.nii.gz):
   data bytes needed = 2371580
   data bytes input  = 0
   number missing    = 2371580 (set to 0)
++ WARNING: nifti_read_buffer(denoised_data.nii.gz):
   data bytes needed = 2371580
   data bytes input  = 0
   number missing    = 2371580 (set to 0)
++ WARNING: nifti_read_buffer(denoised_data.nii.gz):
   data bytes needed = 2371580
   data bytes input  = 0
   number missing    = 2371580 (set to 0)
++ WARNING: nifti_read_buffer(denoised_data.nii.gz):
   data bytes needed = 2371580
   data bytes input  = 0
   number missing    = 2371580 (set to 0)
++ WARNING: nifti_read_buffer(denoised_data.nii.gz):
   data bytes needed = 2371580
   data bytes input  = 0
   number missing    = 2371580 (set to 0)
++ WARNING: nifti_read_buffer(denoised_data.nii.gz):
   data bytes needed = 2371580
   data bytes input  = 0
   number missing    = 2371580 (set to 0)
++ WARNING: nifti_read_buffer(denoised_data.nii.gz):
   data bytes needed = 2371580
   data bytes input  = 0
   number missing    = 2371580 (set to 0)
++ WARNING: nifti_read_buffer(denoised_data.nii.gz):
   data bytes needed = 2371580
   data bytes input  = 0
   number missing    = 2371580 (set to 0)
++ WARNING: nifti_read_buffer(denoised_data.nii.gz):
   data bytes needed = 2371580
   data bytes input  = 0
   number missing    = 2371580 (set to 0)
++ WARNING: nifti_read_buffer(denoised_data.nii.gz):
   data bytes needed = 2371580
   data bytes input  = 0
   number missing    = 2371580 (set to 0)
++ WARNING: nifti_read_buffer(denoised_data.nii.gz):
   data bytes needed = 2371580
   data bytes input  = 0
   number missing    = 2371580 (set to 0)
++ WARNING: nifti_read_buffer(denoised_data.nii.gz):
   data bytes needed = 2371580
   data bytes input  = 0
   number missing    = 2371580 (set to 0)
++ WARNING: nifti_read_buffer(denoised_data.nii.gz):
   data bytes needed = 2371580
   data bytes input  = 0
   number missing    = 2371580 (set to 0)
++ WARNING: nifti_read_buffer(denoised_data.nii.gz):
   data bytes needed = 2371580
   data bytes input  = 0
   number missing    = 2371580 (set to 0)
++ WARNING: nifti_read_buffer(denoised_data.nii.gz):
   data bytes needed = 2371580
   data bytes input  = 0
   number missing    = 2371580 (set to 0)
++ WARNING: nifti_read_buffer(denoised_data.nii.gz):
   data bytes needed = 2371580
   data bytes input  = 0
   number missing    = 2371580 (set to 0)
++ WARNING: nifti_read_buffer(denoised_data.nii.gz):
   data bytes needed = 2371580
   data bytes input  = 0
   number missing    = 2371580 (set to 0)
++ WARNING: nifti_read_buffer(denoised_data.nii.gz):
   data bytes needed = 2371580
   data bytes input  = 0
   number missing    = 2371580 (set to 0)
++ WARNING: nifti_read_buffer(denoised_data.nii.gz):
   data bytes needed = 2371580
   data bytes input  = 0
   number missing    = 2371580 (set to 0)
++ WARNING: nifti_read_buffer(denoised_data.nii.gz):
   data bytes needed = 2371580
   data bytes input  = 0
   number missing    = 2371580 (set to 0)
++ WARNING: nifti_read_buffer(denoised_data.nii.gz):
   data bytes needed = 2371580
   data bytes input  = 0
   number missing    = 2371580 (set to 0)
++ WARNING: nifti_read_buffer(denoised_data.nii.gz):
   data bytes needed = 2371580
   data bytes input  = 0
   number missing    = 2371580 (set to 0)
++ WARNING: nifti_read_buffer(denoised_data.nii.gz):
   data bytes needed = 2371580
   data bytes input  = 0
   number missing    = 2371580 (set to 0)
++ WARNING: nifti_read_buffer(denoised_data.nii.gz):
   data bytes needed = 2371580
   data bytes input  = 0
   number missing    = 2371580 (set to 0)
++ WARNING: nifti_read_buffer(denoised_data.nii.gz):
   data bytes needed = 2371580
   data bytes input  = 0
   number missing    = 2371580 (set to 0)
++ WARNING: nifti_read_buffer(denoised_data.nii.gz):
   data bytes needed = 2371580
   data bytes input  = 0
   number missing    = 2371580 (set to 0)
++ WARNING: nifti_read_buffer(denoised_data.nii.gz):
   data bytes needed = 2371580
   data bytes input  = 0
   number missing    = 2371580 (set to 0)
++ WARNING: nifti_read_buffer(denoised_data.nii.gz):
   data bytes needed = 2371580
   data bytes input  = 0
   number missing    = 2371580 (set to 0)
++ WARNING: nifti_read_buffer(denoised_data.nii.gz):
   data bytes needed = 2371580
   data bytes input  = 0
   number missing    = 2371580 (set to 0)
++ WARNING: nifti_read_buffer(denoised_data.nii.gz):
   data bytes needed = 2371580
   data bytes input  = 0
   number missing    = 2371580 (set to 0)
++ WARNING: nifti_read_buffer(denoised_data.nii.gz):
   data bytes needed = 2371580
   data bytes input  = 0
   number missing    = 2371580 (set to 0)
++ WARNING: nifti_read_buffer(denoised_data.nii.gz):
   data bytes needed = 2371580
   data bytes input  = 0
   number missing    = 2371580 (set to 0)
++ WARNING: nifti_read_buffer(denoised_data.nii.gz):
   data bytes needed = 2371580
   data bytes input  = 0
   number missing    = 2371580 (set to 0)
++ WARNING: nifti_read_buffer(denoised_data.nii.gz):
   data bytes needed = 2371580
   data bytes input  = 0
   number missing    = 2371580 (set to 0)
++ WARNING: nifti_read_buffer(denoised_data.nii.gz):
   data bytes needed = 2371580
   data bytes input  = 0
   number missing    = 2371580 (set to 0)
++ WARNING: nifti_read_buffer(denoised_data.nii.gz):
   data bytes needed = 2371580
   data bytes input  = 0
   number missing    = 2371580 (set to 0)
++ WARNING: nifti_read_buffer(denoised_data.nii.gz):
   data bytes needed = 2371580
   data bytes input  = 0
   number missing    = 2371580 (set to 0)
++ WARNING: nifti_read_buffer(denoised_data.nii.gz):
   data bytes needed = 2371580
   data bytes input  = 0
   number missing    = 2371580 (set to 0)
++ WARNING: nifti_read_buffer(denoised_data.nii.gz):
   data bytes needed = 2371580
   data bytes input  = 0
   number missing    = 2371580 (set to 0)
++ WARNING: nifti_read_buffer(denoised_data.nii.gz):
   data bytes needed = 2371580
   data bytes input  = 0
   number missing    = 2371580 (set to 0)
++ WARNING: nifti_read_buffer(denoised_data.nii.gz):
   data bytes needed = 2371580
   data bytes input  = 0
   number missing    = 2371580 (set to 0)
++ WARNING: nifti_read_buffer(denoised_data.nii.gz):
   data bytes needed = 2371580
   data bytes input  = 0
   number missing    = 2371580 (set to 0)
++ WARNING: nifti_read_buffer(denoised_data.nii.gz):
   data bytes needed = 2371580
   data bytes input  = 0
   number missing    = 2371580 (set to 0)
++ WARNING: nifti_read_buffer(denoised_data.nii.gz):
   data bytes needed = 2371580
   data bytes input  = 0
   number missing    = 2371580 (set to 0)
++ WARNING: nifti_read_buffer(denoised_data.nii.gz):
   data bytes needed = 2371580
   data bytes input  = 0
   number missing    = 2371580 (set to 0)
++ WARNING: nifti_read_buffer(denoised_data.nii.gz):
   data bytes needed = 2371580
   data bytes input  = 0
   number missing    = 2371580 (set to 0)
++ WARNING: nifti_read_buffer(denoised_data.nii.gz):
   data bytes needed = 2371580
   data bytes input  = 0
   number missing    = 2371580 (set to 0)
++ WARNING: nifti_read_buffer(denoised_data.nii.gz):
   data bytes needed = 2371580
   data bytes input  = 0
   number missing    = 2371580 (set to 0)
++ WARNING: nifti_read_buffer(denoised_data.nii.gz):
   data bytes needed = 2371580
   data bytes input  = 0
   number missing    = 2371580 (set to 0)
++ WARNING: nifti_read_buffer(denoised_data.nii.gz):
   data bytes needed = 2371580
   data bytes input  = 0
   number missing    = 2371580 (set to 0)
++ WARNING: nifti_read_buffer(denoised_data.nii.gz):
   data bytes needed = 2371580
   data bytes input  = 0
   number missing    = 2371580 (set to 0)
++ WARNING: nifti_read_buffer(denoised_data.nii.gz):
   data bytes needed = 2371580
   data bytes input  = 0
   number missing    = 2371580 (set to 0)
++ WARNING: nifti_read_buffer(denoised_data.nii.gz):
   data bytes needed = 2371580
   data bytes input  = 0
   number missing    = 2371580 (set to 0)
++ WARNING: nifti_read_buffer(denoised_data.nii.gz):
   data bytes needed = 2371580
   data bytes input  = 0
   number missing    = 2371580 (set to 0)
++ WARNING: nifti_read_buffer(denoised_data.nii.gz):
   data bytes needed = 2371580
   data bytes input  = 0
   number missing    = 2371580 (set to 0)
++ WARNING: nifti_read_buffer(denoised_data.nii.gz):
   data bytes needed = 2371580
   data bytes input  = 0
   number missing    = 2371580 (set to 0)
++ WARNING: nifti_read_buffer(denoised_data.nii.gz):
   data bytes needed = 2371580
   data bytes input  = 0
   number missing    = 2371580 (set to 0)
++ WARNING: nifti_read_buffer(denoised_data.nii.gz):
   data bytes needed = 2371580
   data bytes input  = 0
   number missing    = 2371580 (set to 0)
++ WARNING: nifti_read_buffer(denoised_data.nii.gz):
   data bytes needed = 2371580
   data bytes input  = 0
   number missing    = 2371580 (set to 0)
++ WARNING: nifti_read_buffer(denoised_data.nii.gz):
   data bytes needed = 2371580
   data bytes input  = 0
   number missing    = 2371580 (set to 0)
++ WARNING: nifti_read_buffer(denoised_data.nii.gz):
   data bytes needed = 2371580
   data bytes input  = 0
   number missing    = 2371580 (set to 0)
++ WARNING: nifti_read_buffer(denoised_data.nii.gz):
   data bytes needed = 2371580
   data bytes input  = 0
   number missing    = 2371580 (set to 0)
++ WARNING: nifti_read_buffer(denoised_data.nii.gz):
   data bytes needed = 2371580
   data bytes input  = 0
   number missing    = 2371580 (set to 0)
++ WARNING: nifti_read_buffer(denoised_data.nii.gz):
   data bytes needed = 2371580
   data bytes input  = 0
   number missing    = 2371580 (set to 0)
++ WARNING: nifti_read_buffer(denoised_data.nii.gz):
   data bytes needed = 2371580
   data bytes input  = 0
   number missing    = 2371580 (set to 0)
++ WARNING: nifti_read_buffer(denoised_data.nii.gz):
   data bytes needed = 2371580
   data bytes input  = 0
   number missing    = 2371580 (set to 0)
++ WARNING: nifti_read_buffer(denoised_data.nii.gz):
   data bytes needed = 2371580
   data bytes input  = 0
   number missing    = 2371580 (set to 0)
++ WARNING: nifti_read_buffer(denoised_data.nii.gz):
   data bytes needed = 2371580
   data bytes input  = 0
   number missing    = 2371580 (set to 0)
++ WARNING: nifti_read_buffer(denoised_data.nii.gz):
   data bytes needed = 2371580
   data bytes input  = 0
   number missing    = 2371580 (set to 0)
++ WARNING: nifti_read_buffer(denoised_data.nii.gz):
   data bytes needed = 2371580
   data bytes input  = 0
   number missing    = 2371580 (set to 0)
++ WARNING: nifti_read_buffer(denoised_data.nii.gz):
   data bytes needed = 2371580
   data bytes input  = 0
   number missing    = 2371580 (set to 0)
++ WARNING: nifti_read_buffer(denoised_data.nii.gz):
   data bytes needed = 2371580
   data bytes input  = 0
   number missing    = 2371580 (set to 0)
++ WARNING: nifti_read_buffer(denoised_data.nii.gz):
   data bytes needed = 2371580
   data bytes input  = 0
   number missing    = 2371580 (set to 0)
++ WARNING: nifti_read_buffer(denoised_data.nii.gz):
   data bytes needed = 2371580
   data bytes input  = 0
   number missing    = 2371580 (set to 0)
++ WARNING: nifti_read_buffer(denoised_data.nii.gz):
   data bytes needed = 2371580
   data bytes input  = 0
   number missing    = 2371580 (set to 0)
++ WARNING: nifti_read_buffer(denoised_data.nii.gz):
   data bytes needed = 2371580
   data bytes input  = 0
   number missing    = 2371580 (set to 0)
++ WARNING: nifti_read_buffer(denoised_data.nii.gz):
   data bytes needed = 2371580
   data bytes input  = 0
   number missing    = 2371580 (set to 0)
++ WARNING: nifti_read_buffer(denoised_data.nii.gz):
   data bytes needed = 2371580
   data bytes input  = 0
   number missing    = 2371580 (set to 0)
++ WARNING: nifti_read_buffer(denoised_data.nii.gz):
   data bytes needed = 2371580
   data bytes input  = 0
   number missing    = 2371580 (set to 0)
++ WARNING: nifti_read_buffer(denoised_data.nii.gz):
   data bytes needed = 2371580
   data bytes input  = 0
   number missing    = 2371580 (set to 0)
++ WARNING: nifti_read_buffer(denoised_data.nii.gz):
   data bytes needed = 2371580
   data bytes input  = 0
   number missing    = 2371580 (set to 0)
++ WARNING: nifti_read_buffer(denoised_data.nii.gz):
   data bytes needed = 2371580
   data bytes input  = 0
   number missing    = 2371580 (set to 0)
++ WARNING: nifti_read_buffer(denoised_data.nii.gz):
   data bytes needed = 2371580
   data bytes input  = 0
   number missing    = 2371580 (set to 0)
++ WARNING: nifti_read_buffer(denoised_data.nii.gz):
   data bytes needed = 2371580
   data bytes input  = 0
   number missing    = 2371580 (set to 0)
++ WARNING: nifti_read_buffer(denoised_data.nii.gz):
   data bytes needed = 2371580
   data bytes input  = 0
   number missing    = 2371580 (set to 0)
++ WARNING: nifti_read_buffer(denoised_data.nii.gz):
   data bytes needed = 2371580
   data bytes input  = 0
   number missing    = 2371580 (set to 0)
++ WARNING: nifti_read_buffer(denoised_data.nii.gz):
   data bytes needed = 2371580
   data bytes input  = 0
   number missing    = 2371580 (set to 0)
++ WARNING: nifti_read_buffer(denoised_data.nii.gz):
   data bytes needed = 2371580
   data bytes input  = 0
   number missing    = 2371580 (set to 0)
++ WARNING: nifti_read_buffer(denoised_data.nii.gz):
   data bytes needed = 2371580
   data bytes input  = 0
   number missing    = 2371580 (set to 0)
++ WARNING: nifti_read_buffer(denoised_data.nii.gz):
   data bytes needed = 2371580
   data bytes input  = 0
   number missing    = 2371580 (set to 0)
++ WARNING: nifti_read_buffer(denoised_data.nii.gz):
   data bytes needed = 2371580
   data bytes input  = 0
   number missing    = 2371580 (set to 0)
++ WARNING: nifti_read_buffer(denoised_data.nii.gz):
   data bytes needed = 2371580
   data bytes input  = 0
   number missing    = 2371580 (set to 0)
++ WARNING: nifti_read_buffer(denoised_data.nii.gz):
   data bytes needed = 2371580
   data bytes input  = 0
   number missing    = 2371580 (set to 0)
++ WARNING: nifti_read_buffer(denoised_data.nii.gz):
   data bytes needed = 2371580
   data bytes input  = 0
   number missing    = 2371580 (set to 0)
++ WARNING: nifti_read_buffer(denoised_data.nii.gz):
   data bytes needed = 2371580
   data bytes input  = 0
   number missing    = 2371580 (set to 0)
++ WARNING: nifti_read_buffer(denoised_data.nii.gz):
   data bytes needed = 2371580
   data bytes input  = 0
   number missing    = 2371580 (set to 0)
++ WARNING: nifti_read_buffer(denoised_data.nii.gz):
   data bytes needed = 2371580
   data bytes input  = 0
   number missing    = 2371580 (set to 0)
++ WARNING: nifti_read_buffer(denoised_data.nii.gz):
   data bytes needed = 2371580
   data bytes input  = 0
   number missing    = 2371580 (set to 0)
++ WARNING: nifti_read_buffer(denoised_data.nii.gz):
   data bytes needed = 2371580
   data bytes input  = 0
   number missing    = 2371580 (set to 0)
++ WARNING: nifti_read_buffer(denoised_data.nii.gz):
   data bytes needed = 2371580
   data bytes input  = 0
   number missing    = 2371580 (set to 0)
++ WARNING: nifti_read_buffer(denoised_data.nii.gz):
   data bytes needed = 2371580
   data bytes input  = 0
   number missing    = 2371580 (set to 0)
++ WARNING: nifti_read_buffer(denoised_data.nii.gz):
   data bytes needed = 2371580
   data bytes input  = 0
   number missing    = 2371580 (set to 0)
++ WARNING: nifti_read_buffer(denoised_data.nii.gz):
   data bytes needed = 2371580
   data bytes input  = 0
   number missing    = 2371580 (set to 0)
++ WARNING: nifti_read_buffer(denoised_data.nii.gz):
   data bytes needed = 2371580
   data bytes input  = 0
   number missing    = 2371580 (set to 0)
++ WARNING: nifti_read_buffer(denoised_data.nii.gz):
   data bytes needed = 2371580
   data bytes input  = 0
   number missing    = 2371580 (set to 0)
++ WARNING: nifti_read_buffer(denoised_data.nii.gz):
   data bytes needed = 2371580
   data bytes input  = 0
   number missing    = 2371580 (set to 0)
++ WARNING: nifti_read_buffer(denoised_data.nii.gz):
   data bytes needed = 2371580
   data bytes input  = 0
   number missing    = 2371580 (set to 0)
++ WARNING: nifti_read_buffer(denoised_data.nii.gz):
   data bytes needed = 2371580
   data bytes input  = 0
   number missing    = 2371580 (set to 0)
++ WARNING: nifti_read_buffer(denoised_data.nii.gz):
   data bytes needed = 2371580
   data bytes input  = 0
   number missing    = 2371580 (set to 0)
++ WARNING: nifti_read_buffer(denoised_data.nii.gz):
   data bytes needed = 2371580
   data bytes input  = 0
   number missing    = 2371580 (set to 0)
++ WARNING: nifti_read_buffer(denoised_data.nii.gz):
   data bytes needed = 2371580
   data bytes input  = 0
   number missing    = 2371580 (set to 0)
++ WARNING: nifti_read_buffer(denoised_data.nii.gz):
   data bytes needed = 2371580
   data bytes input  = 0
   number missing    = 2371580 (set to 0)
++ WARNING: nifti_read_buffer(denoised_data.nii.gz):
   data bytes needed = 2371580
   data bytes input  = 0
   number missing    = 2371580 (set to 0)
++ WARNING: nifti_read_buffer(denoised_data.nii.gz):
   data bytes needed = 2371580
   data bytes input  = 0
   number missing    = 2371580 (set to 0)
++ WARNING: nifti_read_buffer(denoised_data.nii.gz):
   data bytes needed = 2371580
   data bytes input  = 0
   number missing    = 2371580 (set to 0)
++ WARNING: nifti_read_buffer(denoised_data.nii.gz):
   data bytes needed = 2371580
   data bytes input  = 0
   number missing    = 2371580 (set to 0)
++ WARNING: nifti_read_buffer(denoised_data.nii.gz):
   data bytes needed = 2371580
   data bytes input  = 0
   number missing    = 2371580 (set to 0)
++ WARNING: nifti_read_buffer(denoised_data.nii.gz):
   data bytes needed = 2371580
   data bytes input  = 0
   number missing    = 2371580 (set to 0)
++ WARNING: nifti_read_buffer(denoised_data.nii.gz):
   data bytes needed = 2371580
   data bytes input  = 0
   number missing    = 2371580 (set to 0)
++ WARNING: nifti_read_buffer(denoised_data.nii.gz):
   data bytes needed = 2371580
   data bytes input  = 0
   number missing    = 2371580 (set to 0)
++ WARNING: nifti_read_buffer(denoised_data.nii.gz):
   data bytes needed = 2371580
   data bytes input  = 0
   number missing    = 2371580 (set to 0)
++ WARNING: nifti_read_buffer(denoised_data.nii.gz):
   data bytes needed = 2371580
   data bytes input  = 0
   number missing    = 2371580 (set to 0)
++ WARNING: nifti_read_buffer(denoised_data.nii.gz):
   data bytes needed = 2371580
   data bytes input  = 0
   number missing    = 2371580 (set to 0)
++ WARNING: nifti_read_buffer(denoised_data.nii.gz):
   data bytes needed = 2371580
   data bytes input  = 0
   number missing    = 2371580 (set to 0)
++ WARNING: nifti_read_buffer(denoised_data.nii.gz):
   data bytes needed = 2371580
   data bytes input  = 0
   number missing    = 2371580 (set to 0)
++ WARNING: nifti_read_buffer(denoised_data.nii.gz):
   data bytes needed = 2371580
   data bytes input  = 0
   number missing    = 2371580 (set to 0)
++ WARNING: nifti_read_buffer(denoised_data.nii.gz):
   data bytes needed = 2371580
   data bytes input  = 0
   number missing    = 2371580 (set to 0)
++ WARNING: nifti_read_buffer(denoised_data.nii.gz):
   data bytes needed = 2371580
   data bytes input  = 0
   number missing    = 2371580 (set to 0)
++ WARNING: nifti_read_buffer(denoised_data.nii.gz):
   data bytes needed = 2371580
   data bytes input  = 0
   number missing    = 2371580 (set to 0)
++ WARNING: nifti_read_buffer(denoised_data.nii.gz):
   data bytes needed = 2371580
   data bytes input  = 0
   number missing    = 2371580 (set to 0)
++ WARNING: nifti_read_buffer(denoised_data.nii.gz):
   data bytes needed = 2371580
   data bytes input  = 0
   number missing    = 2371580 (set to 0)
++ WARNING: nifti_read_buffer(denoised_data.nii.gz):
   data bytes needed = 2371580
   data bytes input  = 0
   number missing    = 2371580 (set to 0)
++ WARNING: nifti_read_buffer(denoised_data.nii.gz):
   data bytes needed = 2371580
   data bytes input  = 0
   number missing    = 2371580 (set to 0)
++ WARNING: nifti_read_buffer(denoised_data.nii.gz):
   data bytes needed = 2371580
   data bytes input  = 0
   number missing    = 2371580 (set to 0)
++ WARNING: nifti_read_buffer(denoised_data.nii.gz):
   data bytes needed = 2371580
   data bytes input  = 0
   number missing    = 2371580 (set to 0)
++ WARNING: nifti_read_buffer(denoised_data.nii.gz):
   data bytes needed = 2371580
   data bytes input  = 0
   number missing    = 2371580 (set to 0)
++ WARNING: nifti_read_buffer(denoised_data.nii.gz):
   data bytes needed = 2371580
   data bytes input  = 0
   number missing    = 2371580 (set to 0)
++ WARNING: nifti_read_buffer(denoised_data.nii.gz):
   data bytes needed = 2371580
   data bytes input  = 0
   number missing    = 2371580 (set to 0)
++ WARNING: nifti_read_buffer(denoised_data.nii.gz):
   data bytes needed = 2371580
   data bytes input  = 0
   number missing    = 2371580 (set to 0)
++ WARNING: nifti_read_buffer(denoised_data.nii.gz):
   data bytes needed = 2371580
   data bytes input  = 0
   number missing    = 2371580 (set to 0)
++ WARNING: nifti_read_buffer(denoised_data.nii.gz):
   data bytes needed = 2371580
   data bytes input  = 0
   number missing    = 2371580 (set to 0)
++ WARNING: nifti_read_buffer(denoised_data.nii.gz):
   data bytes needed = 2371580
   data bytes input  = 0
   number missing    = 2371580 (set to 0)
++ WARNING: nifti_read_buffer(denoised_data.nii.gz):
   data bytes needed = 2371580
   data bytes input  = 0
   number missing    = 2371580 (set to 0)
++ WARNING: nifti_read_buffer(denoised_data.nii.gz):
   data bytes needed = 2371580
   data bytes input  = 0
   number missing    = 2371580 (set to 0)
++ WARNING: nifti_read_buffer(denoised_data.nii.gz):
   data bytes needed = 2371580
   data bytes input  = 0
   number missing    = 2371580 (set to 0)
++ WARNING: nifti_read_buffer(denoised_data.nii.gz):
   data bytes needed = 2371580
   data bytes input  = 0
   number missing    = 2371580 (set to 0)
++ WARNING: nifti_read_buffer(denoised_data.nii.gz):
   data bytes needed = 2371580
   data bytes input  = 0
   number missing    = 2371580 (set to 0)
++ WARNING: nifti_read_buffer(denoised_data.nii.gz):
   data bytes needed = 2371580
   data bytes input  = 0
   number missing    = 2371580 (set to 0)
++ WARNING: nifti_read_buffer(denoised_data.nii.gz):
   data bytes needed = 2371580
   data bytes input  = 0
   number missing    = 2371580 (set to 0)
++ WARNING: nifti_read_buffer(denoised_data.nii.gz):
   data bytes needed = 2371580
   data bytes input  = 0
   number missing    = 2371580 (set to 0)
++ WARNING: nifti_read_buffer(denoised_data.nii.gz):
   data bytes needed = 2371580
   data bytes input  = 0
   number missing    = 2371580 (set to 0)
++ WARNING: nifti_read_buffer(denoised_data.nii.gz):
   data bytes needed = 2371580
   data bytes input  = 0
   number missing    = 2371580 (set to 0)
++ WARNING: nifti_read_buffer(denoised_data.nii.gz):
   data bytes needed = 2371580
   data bytes input  = 0
   number missing    = 2371580 (set to 0)
++ WARNING: nifti_read_buffer(denoised_data.nii.gz):
   data bytes needed = 2371580
   data bytes input  = 0
   number missing    = 2371580 (set to 0)
++ WARNING: nifti_read_buffer(denoised_data.nii.gz):
   data bytes needed = 2371580
   data bytes input  = 0
   number missing    = 2371580 (set to 0)
++ WARNING: nifti_read_buffer(denoised_data.nii.gz):
   data bytes needed = 2371580
   data bytes input  = 0
   number missing    = 2371580 (set to 0)
++ WARNING: nifti_read_buffer(denoised_data.nii.gz):
   data bytes needed = 2371580
   data bytes input  = 0
   number missing    = 2371580 (set to 0)
++ WARNING: nifti_read_buffer(denoised_data.nii.gz):
   data bytes needed = 2371580
   data bytes input  = 0
   number missing    = 2371580 (set to 0)
++ WARNING: nifti_read_buffer(denoised_data.nii.gz):
   data bytes needed = 2371580
   data bytes input  = 0
   number missing    = 2371580 (set to 0)
++ WARNING: nifti_read_buffer(denoised_data.nii.gz):
   data bytes needed = 2371580
   data bytes input  = 0
   number missing    = 2371580 (set to 0)
++ WARNING: nifti_read_buffer(denoised_data.nii.gz):
   data bytes needed = 2371580
   data bytes input  = 0
   number missing    = 2371580 (set to 0)
++ WARNING: nifti_read_buffer(denoised_data.nii.gz):
   data bytes needed = 2371580
   data bytes input  = 0
   number missing    = 2371580 (set to 0)
++ WARNING: nifti_read_buffer(denoised_data.nii.gz):
   data bytes needed = 2371580
   data bytes input  = 0
   number missing    = 2371580 (set to 0)
++ WARNING: nifti_read_buffer(denoised_data.nii.gz):
   data bytes needed = 2371580
   data bytes input  = 0
   number missing    = 2371580 (set to 0)
++ WARNING: nifti_read_buffer(denoised_data.nii.gz):
   data bytes needed = 2371580
   data bytes input  = 0
   number missing    = 2371580 (set to 0)
++ WARNING: nifti_read_buffer(denoised_data.nii.gz):
   data bytes needed = 2371580
   data bytes input  = 0
   number missing    = 2371580 (set to 0)
++ WARNING: nifti_read_buffer(denoised_data.nii.gz):
   data bytes needed = 2371580
   data bytes input  = 0
   number missing    = 2371580 (set to 0)
++ WARNING: nifti_read_buffer(denoised_data.nii.gz):
   data bytes needed = 2371580
   data bytes input  = 0
   number missing    = 2371580 (set to 0)
++ WARNING: nifti_read_buffer(denoised_data.nii.gz):
   data bytes needed = 2371580
   data bytes input  = 0
   number missing    = 2371580 (set to 0)
++ WARNING: nifti_read_buffer(denoised_data.nii.gz):
   data bytes needed = 2371580
   data bytes input  = 0
   number missing    = 2371580 (set to 0)
++ WARNING: nifti_read_buffer(denoised_data.nii.gz):
   data bytes needed = 2371580
   data bytes input  = 0
   number missing    = 2371580 (set to 0)
++ WARNING: nifti_read_buffer(denoised_data.nii.gz):
   data bytes needed = 2371580
   data bytes input  = 0
   number missing    = 2371580 (set to 0)
++ WARNING: nifti_read_buffer(denoised_data.nii.gz):
   data bytes needed = 2371580
   data bytes input  = 0
   number missing    = 2371580 (set to 0)
++ WARNING: nifti_read_buffer(denoised_data.nii.gz):
   data bytes needed = 2371580
   data bytes input  = 0
   number missing    = 2371580 (set to 0)
++ WARNING: nifti_read_buffer(denoised_data.nii.gz):
   data bytes needed = 2371580
   data bytes input  = 0
   number missing    = 2371580 (set to 0)
++ WARNING: nifti_read_buffer(denoised_data.nii.gz):
   data bytes needed = 2371580
   data bytes input  = 0
   number missing    = 2371580 (set to 0)
++ WARNING: nifti_read_buffer(denoised_data.nii.gz):
   data bytes needed = 2371580
   data bytes input  = 0
   number missing    = 2371580 (set to 0)
++ WARNING: nifti_read_buffer(denoised_data.nii.gz):
   data bytes needed = 2371580
   data bytes input  = 0
   number missing    = 2371580 (set to 0)
++ WARNING: nifti_read_buffer(denoised_data.nii.gz):
   data bytes needed = 2371580
   data bytes input  = 0
   number missing    = 2371580 (set to 0)
++ WARNING: nifti_read_buffer(denoised_data.nii.gz):
   data bytes needed = 2371580
   data bytes input  = 0
   number missing    = 2371580 (set to 0)
++ WARNING: nifti_read_buffer(denoised_data.nii.gz):
   data bytes needed = 2371580
   data bytes input  = 0
   number missing    = 2371580 (set to 0)
++ WARNING: nifti_read_buffer(denoised_data.nii.gz):
   data bytes needed = 2371580
   data bytes input  = 0
   number missing    = 2371580 (set to 0)
++ WARNING: nifti_read_buffer(denoised_data.nii.gz):
   data bytes needed = 2371580
   data bytes input  = 0
   number missing    = 2371580 (set to 0)
++ WARNING: nifti_read_buffer(denoised_data.nii.gz):
   data bytes needed = 2371580
   data bytes input  = 0
   number missing    = 2371580 (set to 0)
++ WARNING: nifti_read_buffer(denoised_data.nii.gz):
   data bytes needed = 2371580
   data bytes input  = 0
   number missing    = 2371580 (set to 0)
++ WARNING: nifti_read_buffer(denoised_data.nii.gz):
   data bytes needed = 2371580
   data bytes input  = 0
   number missing    = 2371580 (set to 0)
++ WARNING: nifti_read_buffer(denoised_data.nii.gz):
   data bytes needed = 2371580
   data bytes input  = 0
   number missing    = 2371580 (set to 0)
++ WARNING: nifti_read_buffer(denoised_data.nii.gz):
   data bytes needed = 2371580
   data bytes input  = 0
   number missing    = 2371580 (set to 0)
++ WARNING: nifti_read_buffer(denoised_data.nii.gz):
   data bytes needed = 2371580
   data bytes input  = 0
   number missing    = 2371580 (set to 0)
++ WARNING: nifti_read_buffer(denoised_data.nii.gz):
   data bytes needed = 2371580
   data bytes input  = 0
   number missing    = 2371580 (set to 0)
++ WARNING: nifti_read_buffer(denoised_data.nii.gz):
   data bytes needed = 2371580
   data bytes input  = 0
   number missing    = 2371580 (set to 0)
++ WARNING: nifti_read_buffer(denoised_data.nii.gz):
   data bytes needed = 2371580
   data bytes input  = 0
   number missing    = 2371580 (set to 0)
++ WARNING: nifti_read_buffer(denoised_data.nii.gz):
   data bytes needed = 2371580
   data bytes input  = 0
   number missing    = 2371580 (set to 0)
++ WARNING: nifti_read_buffer(denoised_data.nii.gz):
   data bytes needed = 2371580
   data bytes input  = 0
   number missing    = 2371580 (set to 0)
++ WARNING: nifti_read_buffer(denoised_data.nii.gz):
   data bytes needed = 2371580
   data bytes input  = 0
   number missing    = 2371580 (set to 0)
++ WARNING: nifti_read_buffer(denoised_data.nii.gz):
   data bytes needed = 2371580
   data bytes input  = 0
   number missing    = 2371580 (set to 0)
++ WARNING: nifti_read_buffer(denoised_data.nii.gz):
   data bytes needed = 2371580
   data bytes input  = 0
   number missing    = 2371580 (set to 0)
++ WARNING: nifti_read_buffer(denoised_data.nii.gz):
   data bytes needed = 2371580
   data bytes input  = 0
   number missing    = 2371580 (set to 0)
++ WARNING: nifti_read_buffer(denoised_data.nii.gz):
   data bytes needed = 2371580
   data bytes input  = 0
   number missing    = 2371580 (set to 0)
++ WARNING: nifti_read_buffer(denoised_data.nii.gz):
   data bytes needed = 2371580
   data bytes input  = 0
   number missing    = 2371580 (set to 0)
++ WARNING: nifti_read_buffer(denoised_data.nii.gz):
   data bytes needed = 2371580
   data bytes input  = 0
   number missing    = 2371580 (set to 0)
++ WARNING: nifti_read_buffer(denoised_data.nii.gz):
   data bytes needed = 2371580
   data bytes input  = 0
   number missing    = 2371580 (set to 0)
++ WARNING: nifti_read_buffer(denoised_data.nii.gz):
   data bytes needed = 2371580
   data bytes input  = 0
   number missing    = 2371580 (set to 0)
++ WARNING: nifti_read_buffer(denoised_data.nii.gz):
   data bytes needed = 2371580
   data bytes input  = 0
   number missing    = 2371580 (set to 0)
++ WARNING: nifti_read_buffer(denoised_data.nii.gz):
   data bytes needed = 2371580
   data bytes input  = 0
   number missing    = 2371580 (set to 0)
++ WARNING: nifti_read_buffer(denoised_data.nii.gz):
   data bytes needed = 2371580
   data bytes input  = 0
   number missing    = 2371580 (set to 0)
++ WARNING: nifti_read_buffer(denoised_data.nii.gz):
   data bytes needed = 2371580
   data bytes input  = 0
   number missing    = 2371580 (set to 0)
++ WARNING: nifti_read_buffer(denoised_data.nii.gz):
   data bytes needed = 2371580
   data bytes input  = 0
   number missing    = 2371580 (set to 0)
++ WARNING: nifti_read_buffer(denoised_data.nii.gz):
   data bytes needed = 2371580
   data bytes input  = 0
   number missing    = 2371580 (set to 0)
++ WARNING: nifti_read_buffer(denoised_data.nii.gz):
   data bytes needed = 2371580
   data bytes input  = 0
   number missing    = 2371580 (set to 0)
++ WARNING: nifti_read_buffer(denoised_data.nii.gz):
   data bytes needed = 2371580
   data bytes input  = 0
   number missing    = 2371580 (set to 0)
++ WARNING: nifti_read_buffer(denoised_data.nii.gz):
   data bytes needed = 2371580
   data bytes input  = 0
   number missing    = 2371580 (set to 0)
++ WARNING: nifti_read_buffer(denoised_data.nii.gz):
   data bytes needed = 2371580
   data bytes input  = 0
   number missing    = 2371580 (set to 0)
++ WARNING: nifti_read_buffer(denoised_data.nii.gz):
   data bytes needed = 2371580
   data bytes input  = 0
   number missing    = 2371580 (set to 0)
++ WARNING: nifti_read_buffer(denoised_data.nii.gz):
   data bytes needed = 2371580
   data bytes input  = 0
   number missing    = 2371580 (set to 0)
++ WARNING: nifti_read_buffer(denoised_data.nii.gz):
   data bytes needed = 2371580
   data bytes input  = 0
   number missing    = 2371580 (set to 0)
++ WARNING: nifti_read_buffer(denoised_data.nii.gz):
   data bytes needed = 2371580
   data bytes input  = 0
   number missing    = 2371580 (set to 0)
++ WARNING: nifti_read_buffer(denoised_data.nii.gz):
   data bytes needed = 2371580
   data bytes input  = 0
   number missing    = 2371580 (set to 0)
++ WARNING: nifti_read_buffer(denoised_data.nii.gz):
   data bytes needed = 2371580
   data bytes input  = 0
   number missing    = 2371580 (set to 0)
++ WARNING: nifti_read_buffer(denoised_data.nii.gz):
   data bytes needed = 2371580
   data bytes input  = 0
   number missing    = 2371580 (set to 0)
++ WARNING: nifti_read_buffer(denoised_data.nii.gz):
   data bytes needed = 2371580
   data bytes input  = 0
   number missing    = 2371580 (set to 0)
++ WARNING: nifti_read_buffer(denoised_data.nii.gz):
   data bytes needed = 2371580
   data bytes input  = 0
   number missing    = 2371580 (set to 0)
++ WARNING: nifti_read_buffer(denoised_data.nii.gz):
   data bytes needed = 2371580
   data bytes input  = 0
   number missing    = 2371580 (set to 0)
++ WARNING: nifti_read_buffer(denoised_data.nii.gz):
   data bytes needed = 2371580
   data bytes input  = 0
   number missing    = 2371580 (set to 0)
++ WARNING: nifti_read_buffer(denoised_data.nii.gz):
   data bytes needed = 2371580
   data bytes input  = 0
   number missing    = 2371580 (set to 0)
++ WARNING: nifti_read_buffer(denoised_data.nii.gz):
   data bytes needed = 2371580
   data bytes input  = 0
   number missing    = 2371580 (set to 0)
++ WARNING: nifti_read_buffer(denoised_data.nii.gz):
   data bytes needed = 2371580
   data bytes input  = 0
   number missing    = 2371580 (set to 0)
++ WARNING: nifti_read_buffer(denoised_data.nii.gz):
   data bytes needed = 2371580
   data bytes input  = 0
   number missing    = 2371580 (set to 0)
++ WARNING: nifti_read_buffer(denoised_data.nii.gz):
   data bytes needed = 2371580
   data bytes input  = 0
   number missing    = 2371580 (set to 0)
++ WARNING: nifti_read_buffer(denoised_data.nii.gz):
   data bytes needed = 2371580
   data bytes input  = 0
   number missing    = 2371580 (set to 0)
++ WARNING: nifti_read_buffer(denoised_data.nii.gz):
   data bytes needed = 2371580
   data bytes input  = 0
   number missing    = 2371580 (set to 0)
++ WARNING: nifti_read_buffer(denoised_data.nii.gz):
   data bytes needed = 2371580
   data bytes input  = 0
   number missing    = 2371580 (set to 0)
++ WARNING: nifti_read_buffer(denoised_data.nii.gz):
   data bytes needed = 2371580
   data bytes input  = 0
   number missing    = 2371580 (set to 0)
++ WARNING: nifti_read_buffer(denoised_data.nii.gz):
   data bytes needed = 2371580
   data bytes input  = 0
   number missing    = 2371580 (set to 0)
++ WARNING: nifti_read_buffer(denoised_data.nii.gz):
   data bytes needed = 2371580
   data bytes input  = 0
   number missing    = 2371580 (set to 0)
++ WARNING: nifti_read_buffer(denoised_data.nii.gz):
   data bytes needed = 2371580
   data bytes input  = 0
   number missing    = 2371580 (set to 0)
++ WARNING: nifti_read_buffer(denoised_data.nii.gz):
   data bytes needed = 2371580
   data bytes input  = 0
   number missing    = 2371580 (set to 0)
++ WARNING: nifti_read_buffer(denoised_data.nii.gz):
   data bytes needed = 2371580
   data bytes input  = 0
   number missing    = 2371580 (set to 0)
++ WARNING: nifti_read_buffer(denoised_data.nii.gz):
   data bytes needed = 2371580
   data bytes input  = 0
   number missing    = 2371580 (set to 0)
++ WARNING: nifti_read_buffer(denoised_data.nii.gz):
   data bytes needed = 2371580
   data bytes input  = 0
   number missing    = 2371580 (set to 0)
++ WARNING: nifti_read_buffer(denoised_data.nii.gz):
   data bytes needed = 2371580
   data bytes input  = 0
   number missing    = 2371580 (set to 0)
++ WARNING: nifti_read_buffer(denoised_data.nii.gz):
   data bytes needed = 2371580
   data bytes input  = 0
   number missing    = 2371580 (set to 0)
++ WARNING: nifti_read_buffer(denoised_data.nii.gz):
   data bytes needed = 2371580
   data bytes input  = 0
   number missing    = 2371580 (set to 0)
++ WARNING: nifti_read_buffer(denoised_data.nii.gz):
   data bytes needed = 2371580
   data bytes input  = 0
   number missing    = 2371580 (set to 0)
++ WARNING: nifti_read_buffer(denoised_data.nii.gz):
   data bytes needed = 2371580
   data bytes input  = 0
   number missing    = 2371580 (set to 0)
++ WARNING: nifti_read_buffer(denoised_data.nii.gz):
   data bytes needed = 2371580
   data bytes input  = 0
   number missing    = 2371580 (set to 0)
++ WARNING: nifti_read_buffer(denoised_data.nii.gz):
   data bytes needed = 2371580
   data bytes input  = 0
   number missing    = 2371580 (set to 0)
++ WARNING: nifti_read_buffer(denoised_data.nii.gz):
   data bytes needed = 2371580
   data bytes input  = 0
   number missing    = 2371580 (set to 0)
++ WARNING: nifti_read_buffer(denoised_data.nii.gz):
   data bytes needed = 2371580
   data bytes input  = 0
   number missing    = 2371580 (set to 0)
++ WARNING: nifti_read_buffer(denoised_data.nii.gz):
   data bytes needed = 2371580
   data bytes input  = 0
   number missing    = 2371580 (set to 0)
++ WARNING: nifti_read_buffer(denoised_data.nii.gz):
   data bytes needed = 2371580
   data bytes input  = 0
   number missing    = 2371580 (set to 0)
++ WARNING: nifti_read_buffer(denoised_data.nii.gz):
   data bytes needed = 2371580
   data bytes input  = 0
   number missing    = 2371580 (set to 0)
++ WARNING: nifti_read_buffer(denoised_data.nii.gz):
   data bytes needed = 2371580
   data bytes input  = 0
   number missing    = 2371580 (set to 0)
++ WARNING: nifti_read_buffer(denoised_data.nii.gz):
   data bytes needed = 2371580
   data bytes input  = 0
   number missing    = 2371580 (set to 0)
++ WARNING: nifti_read_buffer(denoised_data.nii.gz):
   data bytes needed = 2371580
   data bytes input  = 0
   number missing    = 2371580 (set to 0)
++ WARNING: nifti_read_buffer(denoised_data.nii.gz):
   data bytes needed = 2371580
   data bytes input  = 0
   number missing    = 2371580 (set to 0)
++ WARNING: nifti_read_buffer(denoised_data.nii.gz):
   data bytes needed = 2371580
   data bytes input  = 0
   number missing    = 2371580 (set to 0)
++ WARNING: nifti_read_buffer(denoised_data.nii.gz):
   data bytes needed = 2371580
   data bytes input  = 0
   number missing    = 2371580 (set to 0)
++ WARNING: nifti_read_buffer(denoised_data.nii.gz):
   data bytes needed = 2371580
   data bytes input  = 0
   number missing    = 2371580 (set to 0)
++ WARNING: nifti_read_buffer(denoised_data.nii.gz):
   data bytes needed = 2371580
   data bytes input  = 0
   number missing    = 2371580 (set to 0)
++ WARNING: nifti_read_buffer(denoised_data.nii.gz):
   data bytes needed = 2371580
   data bytes input  = 0
   number missing    = 2371580 (set to 0)
++ WARNING: nifti_read_buffer(denoised_data.nii.gz):
   data bytes needed = 2371580
   data bytes input  = 0
   number missing    = 2371580 (set to 0)
++ WARNING: nifti_read_buffer(denoised_data.nii.gz):
   data bytes needed = 2371580
   data bytes input  = 0
   number missing    = 2371580 (set to 0)
++ WARNING: nifti_read_buffer(denoised_data.nii.gz):
   data bytes needed = 2371580
   data bytes input  = 0
   number missing    = 2371580 (set to 0)
++ WARNING: nifti_read_buffer(denoised_data.nii.gz):
   data bytes needed = 2371580
   data bytes input  = 0
   number missing    = 2371580 (set to 0)
++ WARNING: nifti_read_buffer(denoised_data.nii.gz):
   data bytes needed = 2371580
   data bytes input  = 0
   number missing    = 2371580 (set to 0)
++ WARNING: nifti_read_buffer(denoised_data.nii.gz):
   data bytes needed = 2371580
   data bytes input  = 0
   number missing    = 2371580 (set to 0)
++ WARNING: nifti_read_buffer(denoised_data.nii.gz):
   data bytes needed = 2371580
   data bytes input  = 0
   number missing    = 2371580 (set to 0)
++ WARNING: nifti_read_buffer(denoised_data.nii.gz):
   data bytes needed = 2371580
   data bytes input  = 0
   number missing    = 2371580 (set to 0)
++ WARNING: nifti_read_buffer(denoised_data.nii.gz):
   data bytes needed = 2371580
   data bytes input  = 0
   number missing    = 2371580 (set to 0)
++ WARNING: nifti_read_buffer(denoised_data.nii.gz):
   data bytes needed = 2371580
   data bytes input  = 0
   number missing    = 2371580 (set to 0)
++ WARNING: nifti_read_buffer(denoised_data.nii.gz):
   data bytes needed = 2371580
   data bytes input  = 0
   number missing    = 2371580 (set to 0)
++ WARNING: nifti_read_buffer(denoised_data.nii.gz):
   data bytes needed = 2371580
   data bytes input  = 0
   number missing    = 2371580 (set to 0)
++ WARNING: nifti_read_buffer(denoised_data.nii.gz):
   data bytes needed = 2371580
   data bytes input  = 0
   number missing    = 2371580 (set to 0)
++ WARNING: nifti_read_buffer(denoised_data.nii.gz):
   data bytes needed = 2371580
   data bytes input  = 0
   number missing    = 2371580 (set to 0)
++ WARNING: nifti_read_buffer(denoised_data.nii.gz):
   data bytes needed = 2371580
   data bytes input  = 0
   number missing    = 2371580 (set to 0)
++ WARNING: nifti_read_buffer(denoised_data.nii.gz):
   data bytes needed = 2371580
   data bytes input  = 0
   number missing    = 2371580 (set to 0)
++ WARNING: nifti_read_buffer(denoised_data.nii.gz):
   data bytes needed = 2371580
   data bytes input  = 0
   number missing    = 2371580 (set to 0)
++ WARNING: nifti_read_buffer(denoised_data.nii.gz):
   data bytes needed = 2371580
   data bytes input  = 0
   number missing    = 2371580 (set to 0)
++ WARNING: nifti_read_buffer(denoised_data.nii.gz):
   data bytes needed = 2371580
   data bytes input  = 0
   number missing    = 2371580 (set to 0)
++ WARNING: nifti_read_buffer(denoised_data.nii.gz):
   data bytes needed = 2371580
   data bytes input  = 0
   number missing    = 2371580 (set to 0)
++ WARNING: nifti_read_buffer(denoised_data.nii.gz):
   data bytes needed = 2371580
   data bytes input  = 0
   number missing    = 2371580 (set to 0)
++ WARNING: nifti_read_buffer(denoised_data.nii.gz):
   data bytes needed = 2371580
   data bytes input  = 0
   number missing    = 2371580 (set to 0)
++ WARNING: nifti_read_buffer(denoised_data.nii.gz):
   data bytes needed = 2371580
   data bytes input  = 0
   number missing    = 2371580 (set to 0)
++ WARNING: nifti_read_buffer(denoised_data.nii.gz):
   data bytes needed = 2371580
   data bytes input  = 0
   number missing    = 2371580 (set to 0)
++ WARNING: nifti_read_buffer(denoised_data.nii.gz):
   data bytes needed = 2371580
   data bytes input  = 0
   number missing    = 2371580 (set to 0)
++ WARNING: nifti_read_buffer(denoised_data.nii.gz):
   data bytes needed = 2371580
   data bytes input  = 0
   number missing    = 2371580 (set to 0)
++ WARNING: nifti_read_buffer(denoised_data.nii.gz):
   data bytes needed = 2371580
   data bytes input  = 0
   number missing    = 2371580 (set to 0)
++ WARNING: nifti_read_buffer(denoised_data.nii.gz):
   data bytes needed = 2371580
   data bytes input  = 0
   number missing    = 2371580 (set to 0)
++ WARNING: nifti_read_buffer(denoised_data.nii.gz):
   data bytes needed = 2371580
   data bytes input  = 0
   number missing    = 2371580 (set to 0)
++ WARNING: nifti_read_buffer(denoised_data.nii.gz):
   data bytes needed = 2371580
   data bytes input  = 0
   number missing    = 2371580 (set to 0)
++ WARNING: nifti_read_buffer(denoised_data.nii.gz):
   data bytes needed = 2371580
   data bytes input  = 0
   number missing    = 2371580 (set to 0)
++ WARNING: nifti_read_buffer(denoised_data.nii.gz):
   data bytes needed = 2371580
   data bytes input  = 0
   number missing    = 2371580 (set to 0)
++ WARNING: nifti_read_buffer(denoised_data.nii.gz):
   data bytes needed = 2371580
   data bytes input  = 0
   number missing    = 2371580 (set to 0)
++ WARNING: nifti_read_buffer(denoised_data.nii.gz):
   data bytes needed = 2371580
   data bytes input  = 0
   number missing    = 2371580 (set to 0)
++ WARNING: nifti_read_buffer(denoised_data.nii.gz):
   data bytes needed = 2371580
   data bytes input  = 0
   number missing    = 2371580 (set to 0)
++ WARNING: nifti_read_buffer(denoised_data.nii.gz):
   data bytes needed = 2371580
   data bytes input  = 0
   number missing    = 2371580 (set to 0)
++ WARNING: nifti_read_buffer(denoised_data.nii.gz):
   data bytes needed = 2371580
   data bytes input  = 0
   number missing    = 2371580 (set to 0)
++ WARNING: nifti_read_buffer(denoised_data.nii.gz):
   data bytes needed = 2371580
   data bytes input  = 0
   number missing    = 2371580 (set to 0)
++ WARNING: nifti_read_buffer(denoised_data.nii.gz):
   data bytes needed = 2371580
   data bytes input  = 0
   number missing    = 2371580 (set to 0)
++ WARNING: nifti_read_buffer(denoised_data.nii.gz):
   data bytes needed = 2371580
   data bytes input  = 0
   number missing    = 2371580 (set to 0)
++ WARNING: nifti_read_buffer(denoised_data.nii.gz):
   data bytes needed = 2371580
   data bytes input  = 0
   number missing    = 2371580 (set to 0)
++ WARNING: nifti_read_buffer(denoised_data.nii.gz):
   data bytes needed = 2371580
   data bytes input  = 0
   number missing    = 2371580 (set to 0)
++ WARNING: nifti_read_buffer(denoised_data.nii.gz):
   data bytes needed = 2371580
   data bytes input  = 0
   number missing    = 2371580 (set to 0)
++ WARNING: nifti_read_buffer(denoised_data.nii.gz):
   data bytes needed = 2371580
   data bytes input  = 0
   number missing    = 2371580 (set to 0)
++ WARNING: nifti_read_buffer(denoised_data.nii.gz):
   data bytes needed = 2371580
   data bytes input  = 0
   number missing    = 2371580 (set to 0)
++ WARNING: nifti_read_buffer(denoised_data.nii.gz):
   data bytes needed = 2371580
   data bytes input  = 0
   number missing    = 2371580 (set to 0)
++ WARNING: nifti_read_buffer(denoised_data.nii.gz):
   data bytes needed = 2371580
   data bytes input  = 0
   number missing    = 2371580 (set to 0)
++ WARNING: nifti_read_buffer(denoised_data.nii.gz):
   data bytes needed = 2371580
   data bytes input  = 0
   number missing    = 2371580 (set to 0)
++ WARNING: nifti_read_buffer(denoised_data.nii.gz):
   data bytes needed = 2371580
   data bytes input  = 0
   number missing    = 2371580 (set to 0)
++ WARNING: nifti_read_buffer(denoised_data.nii.gz):
   data bytes needed = 2371580
   data bytes input  = 0
   number missing    = 2371580 (set to 0)
++ WARNING: nifti_read_buffer(denoised_data.nii.gz):
   data bytes needed = 2371580
   data bytes input  = 0
   number missing    = 2371580 (set to 0)
++ WARNING: nifti_read_buffer(denoised_data.nii.gz):
   data bytes needed = 2371580
   data bytes input  = 0
   number missing    = 2371580 (set to 0)
++ WARNING: nifti_read_buffer(denoised_data.nii.gz):
   data bytes needed = 2371580
   data bytes input  = 0
   number missing    = 2371580 (set to 0)
++ WARNING: nifti_read_buffer(denoised_data.nii.gz):
   data bytes needed = 2371580
   data bytes input  = 0
   number missing    = 2371580 (set to 0)
++ WARNING: nifti_read_buffer(denoised_data.nii.gz):
   data bytes needed = 2371580
   data bytes input  = 0
   number missing    = 2371580 (set to 0)
++ WARNING: nifti_read_buffer(denoised_data.nii.gz):
   data bytes needed = 2371580
   data bytes input  = 0
   number missing    = 2371580 (set to 0)
++ WARNING: nifti_read_buffer(denoised_data.nii.gz):
   data bytes needed = 2371580
   data bytes input  = 0
   number missing    = 2371580 (set to 0)
++ WARNING: nifti_read_buffer(denoised_data.nii.gz):
   data bytes needed = 2371580
   data bytes input  = 0
   number missing    = 2371580 (set to 0)
++ WARNING: nifti_read_buffer(denoised_data.nii.gz):
   data bytes needed = 2371580
   data bytes input  = 0
   number missing    = 2371580 (set to 0)
++ WARNING: nifti_read_buffer(denoised_data.nii.gz):
   data bytes needed = 2371580
   data bytes input  = 0
   number missing    = 2371580 (set to 0)
++ WARNING: nifti_read_buffer(denoised_data.nii.gz):
   data bytes needed = 2371580
   data bytes input  = 0
   number missing    = 2371580 (set to 0)
++ WARNING: nifti_read_buffer(denoised_data.nii.gz):
   data bytes needed = 2371580
   data bytes input  = 0
   number missing    = 2371580 (set to 0)
++ WARNING: nifti_read_buffer(denoised_data.nii.gz):
   data bytes needed = 2371580
   data bytes input  = 0
   number missing    = 2371580 (set to 0)
++ WARNING: nifti_read_buffer(denoised_data.nii.gz):
   data bytes needed = 2371580
   data bytes input  = 0
   number missing    = 2371580 (set to 0)
++ WARNING: nifti_read_buffer(denoised_data.nii.gz):
   data bytes needed = 2371580
   data bytes input  = 0
   number missing    = 2371580 (set to 0)
++ WARNING: nifti_read_buffer(denoised_data.nii.gz):
   data bytes needed = 2371580
   data bytes input  = 0
   number missing    = 2371580 (set to 0)
++ WARNING: nifti_read_buffer(denoised_data.nii.gz):
   data bytes needed = 2371580
   data bytes input  = 0
   number missing    = 2371580 (set to 0)
++ WARNING: nifti_read_buffer(denoised_data.nii.gz):
   data bytes needed = 2371580
   data bytes input  = 0
   number missing    = 2371580 (set to 0)
++ WARNING: nifti_read_buffer(denoised_data.nii.gz):
   data bytes needed = 2371580
   data bytes input  = 0
   number missing    = 2371580 (set to 0)
++ WARNING: nifti_read_buffer(denoised_data.nii.gz):
   data bytes needed = 2371580
   data bytes input  = 0
   number missing    = 2371580 (set to 0)
++ WARNING: nifti_read_buffer(denoised_data.nii.gz):
   data bytes needed = 2371580
   data bytes input  = 0
   number missing    = 2371580 (set to 0)
++ WARNING: nifti_read_buffer(denoised_data.nii.gz):
   data bytes needed = 2371580
   data bytes input  = 0
   number missing    = 2371580 (set to 0)
++ WARNING: nifti_read_buffer(denoised_data.nii.gz):
   data bytes needed = 2371580
   data bytes input  = 0
   number missing    = 2371580 (set to 0)
++ WARNING: nifti_read_buffer(denoised_data.nii.gz):
   data bytes needed = 2371580
   data bytes input  = 0
   number missing    = 2371580 (set to 0)
++ WARNING: nifti_read_buffer(denoised_data.nii.gz):
   data bytes needed = 2371580
   data bytes input  = 0
   number missing    = 2371580 (set to 0)
++ WARNING: nifti_read_buffer(denoised_data.nii.gz):
   data bytes needed = 2371580
   data bytes input  = 0
   number missing    = 2371580 (set to 0)
++ WARNING: nifti_read_buffer(denoised_data.nii.gz):
   data bytes needed = 2371580
   data bytes input  = 0
   number missing    = 2371580 (set to 0)
++ WARNING: nifti_read_buffer(denoised_data.nii.gz):
   data bytes needed = 2371580
   data bytes input  = 0
   number missing    = 2371580 (set to 0)
++ WARNING: nifti_read_buffer(denoised_data.nii.gz):
   data bytes needed = 2371580
   data bytes input  = 0
   number missing    = 2371580 (set to 0)
++ WARNING: nifti_read_buffer(denoised_data.nii.gz):
   data bytes needed = 2371580
   data bytes input  = 0
   number missing    = 2371580 (set to 0)
++ WARNING: nifti_read_buffer(denoised_data.nii.gz):
   data bytes needed = 2371580
   data bytes input  = 0
   number missing    = 2371580 (set to 0)
++ WARNING: nifti_read_buffer(denoised_data.nii.gz):
   data bytes needed = 2371580
   data bytes input  = 0
   number missing    = 2371580 (set to 0)
++ WARNING: nifti_read_buffer(denoised_data.nii.gz):
   data bytes needed = 2371580
   data bytes input  = 0
   number missing    = 2371580 (set to 0)
++ WARNING: nifti_read_buffer(denoised_data.nii.gz):
   data bytes needed = 2371580
   data bytes input  = 0
   number missing    = 2371580 (set to 0)
++ WARNING: nifti_read_buffer(denoised_data.nii.gz):
   data bytes needed = 2371580
   data bytes input  = 0
   number missing    = 2371580 (set to 0)
++ WARNING: nifti_read_buffer(denoised_data.nii.gz):
   data bytes needed = 2371580
   data bytes input  = 0
   number missing    = 2371580 (set to 0)
++ WARNING: nifti_read_buffer(denoised_data.nii.gz):
   data bytes needed = 2371580
   data bytes input  = 0
   number missing    = 2371580 (set to 0)
++ WARNING: nifti_read_buffer(denoised_data.nii.gz):
   data bytes needed = 2371580
   data bytes input  = 0
   number missing    = 2371580 (set to 0)
++ WARNING: nifti_read_buffer(denoised_data.nii.gz):
   data bytes needed = 2371580
   data bytes input  = 0
   number missing    = 2371580 (set to 0)
++ WARNING: nifti_read_buffer(denoised_data.nii.gz):
   data bytes needed = 2371580
   data bytes input  = 0
   number missing    = 2371580 (set to 0)
++ WARNING: nifti_read_buffer(denoised_data.nii.gz):
   data bytes needed = 2371580
   data bytes input  = 0
   number missing    = 2371580 (set to 0)
++ WARNING: nifti_read_buffer(denoised_data.nii.gz):
   data bytes needed = 2371580
   data bytes input  = 0
   number missing    = 2371580 (set to 0)
++ WARNING: nifti_read_buffer(denoised_data.nii.gz):
   data bytes needed = 2371580
   data bytes input  = 0
   number missing    = 2371580 (set to 0)
++ WARNING: nifti_read_buffer(denoised_data.nii.gz):
   data bytes needed = 2371580
   data bytes input  = 0
   number missing    = 2371580 (set to 0)
++ WARNING: nifti_read_buffer(denoised_data.nii.gz):
   data bytes needed = 2371580
   data bytes input  = 0
   number missing    = 2371580 (set to 0)
++ WARNING: nifti_read_buffer(denoised_data.nii.gz):
   data bytes needed = 2371580
   data bytes input  = 0
   number missing    = 2371580 (set to 0)
++ WARNING: nifti_read_buffer(denoised_data.nii.gz):
   data bytes needed = 2371580
   data bytes input  = 0
   number missing    = 2371580 (set to 0)
++ WARNING: nifti_read_buffer(denoised_data.nii.gz):
   data bytes needed = 2371580
   data bytes input  = 0
   number missing    = 2371580 (set to 0)
++ WARNING: nifti_read_buffer(denoised_data.nii.gz):
   data bytes needed = 2371580
   data bytes input  = 0
   number missing    = 2371580 (set to 0)
++ WARNING: nifti_read_buffer(denoised_data.nii.gz):
   data bytes needed = 2371580
   data bytes input  = 0
   number missing    = 2371580 (set to 0)
++ WARNING: nifti_read_buffer(denoised_data.nii.gz):
   data bytes needed = 2371580
   data bytes input  = 0
   number missing    = 2371580 (set to 0)
++ WARNING: nifti_read_buffer(denoised_data.nii.gz):
   data bytes needed = 2371580
   data bytes input  = 0
   number missing    = 2371580 (set to 0)
++ WARNING: nifti_read_buffer(denoised_data.nii.gz):
   data bytes needed = 2371580
   data bytes input  = 0
   number missing    = 2371580 (set to 0)
++ WARNING: nifti_read_buffer(denoised_data.nii.gz):
   data bytes needed = 2371580
   data bytes input  = 0
   number missing    = 2371580 (set to 0)
++ WARNING: nifti_read_buffer(denoised_data.nii.gz):
   data bytes needed = 2371580
   data bytes input  = 0
   number missing    = 2371580 (set to 0)
++ WARNING: nifti_read_buffer(denoised_data.nii.gz):
   data bytes needed = 2371580
   data bytes input  = 0
   number missing    = 2371580 (set to 0)
++ WARNING: nifti_read_buffer(denoised_data.nii.gz):
   data bytes needed = 2371580
   data bytes input  = 0
   number missing    = 2371580 (set to 0)
++ WARNING: nifti_read_buffer(denoised_data.nii.gz):
   data bytes needed = 2371580
   data bytes input  = 0
   number missing    = 2371580 (set to 0)
++ WARNING: nifti_read_buffer(denoised_data.nii.gz):
   data bytes needed = 2371580
   data bytes input  = 0
   number missing    = 2371580 (set to 0)
++ WARNING: nifti_read_buffer(denoised_data.nii.gz):
   data bytes needed = 2371580
   data bytes input  = 0
   number missing    = 2371580 (set to 0)
++ WARNING: nifti_read_buffer(denoised_data.nii.gz):
   data bytes needed = 2371580
   data bytes input  = 0
   number missing    = 2371580 (set to 0)
++ WARNING: nifti_read_buffer(denoised_data.nii.gz):
   data bytes needed = 2371580
   data bytes input  = 0
   number missing    = 2371580 (set to 0)
++ WARNING: nifti_read_buffer(denoised_data.nii.gz):
   data bytes needed = 2371580
   data bytes input  = 0
   number missing    = 2371580 (set to 0)
++ WARNING: nifti_read_buffer(denoised_data.nii.gz):
   data bytes needed = 2371580
   data bytes input  = 0
   number missing    = 2371580 (set to 0)
++ WARNING: nifti_read_buffer(denoised_data.nii.gz):
   data bytes needed = 2371580
   data bytes input  = 0
   number missing    = 2371580 (set to 0)
++ WARNING: nifti_read_buffer(denoised_data.nii.gz):
   data bytes needed = 2371580
   data bytes input  = 0
   number missing    = 2371580 (set to 0)
++ WARNING: nifti_read_buffer(denoised_data.nii.gz):
   data bytes needed = 2371580
   data bytes input  = 0
   number missing    = 2371580 (set to 0)
++ WARNING: nifti_read_buffer(denoised_data.nii.gz):
   data bytes needed = 2371580
   data bytes input  = 0
   number missing    = 2371580 (set to 0)
++ WARNING: nifti_read_buffer(denoised_data.nii.gz):
   data bytes needed = 2371580
   data bytes input  = 0
   number missing    = 2371580 (set to 0)
++ WARNING: nifti_read_buffer(denoised_data.nii.gz):
   data bytes needed = 2371580
   data bytes input  = 0
   number missing    = 2371580 (set to 0)
++ WARNING: nifti_read_buffer(denoised_data.nii.gz):
   data bytes needed = 2371580
   data bytes input  = 0
   number missing    = 2371580 (set to 0)
++ WARNING: nifti_read_buffer(denoised_data.nii.gz):
   data bytes needed = 2371580
   data bytes input  = 0
   number missing    = 2371580 (set to 0)
++ WARNING: nifti_read_buffer(denoised_data.nii.gz):
   data bytes needed = 2371580
   data bytes input  = 0
   number missing    = 2371580 (set to 0)
++ WARNING: nifti_read_buffer(denoised_data.nii.gz):
   data bytes needed = 2371580
   data bytes input  = 0
   number missing    = 2371580 (set to 0)
++ WARNING: nifti_read_buffer(denoised_data.nii.gz):
   data bytes needed = 2371580
   data bytes input  = 0
   number missing    = 2371580 (set to 0)
++ WARNING: nifti_read_buffer(denoised_data.nii.gz):
   data bytes needed = 2371580
   data bytes input  = 0
   number missing    = 2371580 (set to 0)
++ WARNING: nifti_read_buffer(denoised_data.nii.gz):
   data bytes needed = 2371580
   data bytes input  = 0
   number missing    = 2371580 (set to 0)
++ WARNING: nifti_read_buffer(denoised_data.nii.gz):
   data bytes needed = 2371580
   data bytes input  = 0
   number missing    = 2371580 (set to 0)
++ WARNING: nifti_read_buffer(denoised_data.nii.gz):
   data bytes needed = 2371580
   data bytes input  = 0
   number missing    = 2371580 (set to 0)
++ WARNING: nifti_read_buffer(denoised_data.nii.gz):
   data bytes needed = 2371580
   data bytes input  = 0
   number missing    = 2371580 (set to 0)
++ WARNING: nifti_read_buffer(denoised_data.nii.gz):
   data bytes needed = 2371580
   data bytes input  = 0
   number missing    = 2371580 (set to 0)
++ WARNING: nifti_read_buffer(denoised_data.nii.gz):
   data bytes needed = 2371580
   data bytes input  = 0
   number missing    = 2371580 (set to 0)
++ WARNING: nifti_read_buffer(denoised_data.nii.gz):
   data bytes needed = 2371580
   data bytes input  = 0
   number missing    = 2371580 (set to 0)
++ WARNING: nifti_read_buffer(denoised_data.nii.gz):
   data bytes needed = 2371580
   data bytes input  = 0
   number missing    = 2371580 (set to 0)
++ WARNING: nifti_read_buffer(denoised_data.nii.gz):
   data bytes needed = 2371580
   data bytes input  = 0
   number missing    = 2371580 (set to 0)
++ WARNING: nifti_read_buffer(denoised_data.nii.gz):
   data bytes needed = 2371580
   data bytes input  = 0
   number missing    = 2371580 (set to 0)
++ WARNING: nifti_read_buffer(denoised_data.nii.gz):
   data bytes needed = 2371580
   data bytes input  = 0
   number missing    = 2371580 (set to 0)
++ WARNING: nifti_read_buffer(denoised_data.nii.gz):
   data bytes needed = 2371580
   data bytes input  = 0
   number missing    = 2371580 (set to 0)
++ WARNING: nifti_read_buffer(denoised_data.nii.gz):
   data bytes needed = 2371580
   data bytes input  = 0
   number missing    = 2371580 (set to 0)
++ WARNING: nifti_read_buffer(denoised_data.nii.gz):
   data bytes needed = 2371580
   data bytes input  = 0
   number missing    = 2371580 (set to 0)
++ WARNING: nifti_read_buffer(denoised_data.nii.gz):
   data bytes needed = 2371580
   data bytes input  = 0
   number missing    = 2371580 (set to 0)
++ WARNING: nifti_read_buffer(denoised_data.nii.gz):
   data bytes needed = 2371580
   data bytes input  = 0
   number missing    = 2371580 (set to 0)
++ WARNING: nifti_read_buffer(denoised_data.nii.gz):
   data bytes needed = 2371580
   data bytes input  = 0
   number missing    = 2371580 (set to 0)
++ WARNING: nifti_read_buffer(denoised_data.nii.gz):
   data bytes needed = 2371580
   data bytes input  = 0
   number missing    = 2371580 (set to 0)
++ WARNING: nifti_read_buffer(denoised_data.nii.gz):
   data bytes needed = 2371580
   data bytes input  = 0
   number missing    = 2371580 (set to 0)
++ WARNING: nifti_read_buffer(denoised_data.nii.gz):
   data bytes needed = 2371580
   data bytes input  = 0
   number missing    = 2371580 (set to 0)
++ WARNING: nifti_read_buffer(denoised_data.nii.gz):
   data bytes needed = 2371580
   data bytes input  = 0
   number missing    = 2371580 (set to 0)
++ WARNING: nifti_read_buffer(denoised_data.nii.gz):
   data bytes needed = 2371580
   data bytes input  = 0
   number missing    = 2371580 (set to 0)
++ WARNING: nifti_read_buffer(denoised_data.nii.gz):
   data bytes needed = 2371580
   data bytes input  = 0
   number missing    = 2371580 (set to 0)
++ WARNING: nifti_read_buffer(denoised_data.nii.gz):
   data bytes needed = 2371580
   data bytes input  = 0
   number missing    = 2371580 (set to 0)
++ WARNING: nifti_read_buffer(denoised_data.nii.gz):
   data bytes needed = 2371580
   data bytes input  = 0
   number missing    = 2371580 (set to 0)
++ WARNING: nifti_read_buffer(denoised_data.nii.gz):
   data bytes needed = 2371580
   data bytes input  = 0
   number missing    = 2371580 (set to 0)
++ WARNING: nifti_read_buffer(denoised_data.nii.gz):
   data bytes needed = 2371580
   data bytes input  = 0
   number missing    = 2371580 (set to 0)
++ WARNING: nifti_read_buffer(denoised_data.nii.gz):
   data bytes needed = 2371580
   data bytes input  = 0
   number missing    = 2371580 (set to 0)
++ WARNING: nifti_read_buffer(denoised_data.nii.gz):
   data bytes needed = 2371580
   data bytes input  = 0
   number missing    = 2371580 (set to 0)
++ WARNING: nifti_read_buffer(denoised_data.nii.gz):
   data bytes needed = 2371580
   data bytes input  = 0
   number missing    = 2371580 (set to 0)
++ WARNING: nifti_read_buffer(denoised_data.nii.gz):
   data bytes needed = 2371580
   data bytes input  = 0
   number missing    = 2371580 (set to 0)
++ WARNING: nifti_read_buffer(denoised_data.nii.gz):
   data bytes needed = 2371580
   data bytes input  = 0
   number missing    = 2371580 (set to 0)
++ WARNING: nifti_read_buffer(denoised_data.nii.gz):
   data bytes needed = 2371580
   data bytes input  = 0
   number missing    = 2371580 (set to 0)
++ WARNING: nifti_read_buffer(denoised_data.nii.gz):
   data bytes needed = 2371580
   data bytes input  = 0
   number missing    = 2371580 (set to 0)
++ WARNING: nifti_read_buffer(denoised_data.nii.gz):
   data bytes needed = 2371580
   data bytes input  = 0
   number missing    = 2371580 (set to 0)
++ WARNING: nifti_read_buffer(denoised_data.nii.gz):
   data bytes needed = 2371580
   data bytes input  = 0
   number missing    = 2371580 (set to 0)
++ WARNING: nifti_read_buffer(denoised_data.nii.gz):
   data bytes needed = 2371580
   data bytes input  = 0
   number missing    = 2371580 (set to 0)
++ WARNING: nifti_read_buffer(denoised_data.nii.gz):
   data bytes needed = 2371580
   data bytes input  = 0
   number missing    = 2371580 (set to 0)
++ WARNING: nifti_read_buffer(denoised_data.nii.gz):
   data bytes needed = 2371580
   data bytes input  = 0
   number missing    = 2371580 (set to 0)
++ WARNING: nifti_read_buffer(denoised_data.nii.gz):
   data bytes needed = 2371580
   data bytes input  = 0
   number missing    = 2371580 (set to 0)
++ WARNING: nifti_read_buffer(denoised_data.nii.gz):
   data bytes needed = 2371580
   data bytes input  = 0
   number missing    = 2371580 (set to 0)
++ WARNING: nifti_read_buffer(denoised_data.nii.gz):
   data bytes needed = 2371580
   data bytes input  = 0
   number missing    = 2371580 (set to 0)
++ WARNING: nifti_read_buffer(denoised_data.nii.gz):
   data bytes needed = 2371580
   data bytes input  = 0
   number missing    = 2371580 (set to 0)
++ WARNING: nifti_read_buffer(denoised_data.nii.gz):
   data bytes needed = 2371580
   data bytes input  = 0
   number missing    = 2371580 (set to 0)
++ WARNING: nifti_read_buffer(denoised_data.nii.gz):
   data bytes needed = 2371580
   data bytes input  = 0
   number missing    = 2371580 (set to 0)
++ WARNING: nifti_read_buffer(denoised_data.nii.gz):
   data bytes needed = 2371580
   data bytes input  = 0
   number missing    = 2371580 (set to 0)
++ WARNING: nifti_read_buffer(denoised_data.nii.gz):
   data bytes needed = 2371580
   data bytes input  = 0
   number missing    = 2371580 (set to 0)
++ WARNING: nifti_read_buffer(denoised_data.nii.gz):
   data bytes needed = 2371580
   data bytes input  = 0
   number missing    = 2371580 (set to 0)
++ WARNING: nifti_read_buffer(denoised_data.nii.gz):
   data bytes needed = 2371580
   data bytes input  = 0
   number missing    = 2371580 (set to 0)
++ WARNING: nifti_read_buffer(denoised_data.nii.gz):
   data bytes needed = 2371580
   data bytes input  = 0
   number missing    = 2371580 (set to 0)
++ WARNING: nifti_read_buffer(denoised_data.nii.gz):
   data bytes needed = 2371580
   data bytes input  = 0
   number missing    = 2371580 (set to 0)
++ WARNING: nifti_read_buffer(denoised_data.nii.gz):
   data bytes needed = 2371580
   data bytes input  = 0
   number missing    = 2371580 (set to 0)
++ WARNING: nifti_read_buffer(denoised_data.nii.gz):
   data bytes needed = 2371580
   data bytes input  = 0
   number missing    = 2371580 (set to 0)
++ WARNING: nifti_read_buffer(denoised_data.nii.gz):
   data bytes needed = 2371580
   data bytes input  = 0
   number missing    = 2371580 (set to 0)
++ WARNING: nifti_read_buffer(denoised_data.nii.gz):
   data bytes needed = 2371580
   data bytes input  = 0
   number missing    = 2371580 (set to 0)
++ WARNING: nifti_read_buffer(denoised_data.nii.gz):
   data bytes needed = 2371580
   data bytes input  = 0
   number missing    = 2371580 (set to 0)
Create .nii files and no .img/.hdr files for /mnt/hgfs/D/Smoothed_epis_EXT_T1_20211126/Copy_smoothed_epis_T1_Patienten_Gesunde/sourcedata/Gesunde/sub-1977/Ma2/func

21-Jan-2023 21:46:15 - Completed SOCK processing in /mnt/hgfs/D/Smoothed_epis_EXT_T1_20211126/Copy_smoothed_epis_T1_Patienten_Gesunde/sourcedata/Gesunde/sub-1977/Ma2/func
21-Jan-2023 21:46:15 - Commencing SOCK processing in /mnt/hgfs/D/Smoothed_epis_EXT_T1_20211126/Copy_smoothed_epis_T1_Patienten_Gesunde/sourcedata/Gesunde/sub-1978/Ma2/func
Unable to read TR from _header_info.txt. Assuming TR is 2.0

pickString =

    'all'

Merged data /mnt/hgfs/D/Smoothed_epis_EXT_T1_20211126/Copy_smoothed_epis_T1_Patienten_Gesunde/sourcedata/Gesunde/sub-1978/Ma2/func/FWHM_8_img___all.nii.gz already exists, will re-use it...

A Melodic directory for subject /mnt/hgfs/D/Smoothed_epis_EXT_T1_20211126/Copy_smoothed_epis_T1_Patienten_Gesunde/sourcedata/Gesunde/sub-1978/Ma2/func already exists...
If you want to re-run Melodic, delete the old FWHM_8_img___all.ica folder...

Made SOCK temporary directory: /tmp/tp86c62dc9_e502_448b_a809_2364311b23cb_SOCK
Running SOCK on /mnt/hgfs/D/Smoothed_epis_EXT_T1_20211126/Copy_smoothed_epis_T1_Patienten_Gesunde/sourcedata/Gesunde/sub-1978/Ma2/func/FWHM_8_img___all.ica/

Using mean functional image for SOCK analysis...
Using existing CSF and masks...
Converting thresholded images in stats dir to NIFTI_PAIR format...

Images in stats dir are already in NIFTI_PAIR format
Obtaining CSF and edge activity measures for SOCK analysis...

Using CSF activity from previous run...

Using edge activity from previous run...

DONE

Obtaining smoothness measures for SOCK analysis...

Obtaining power spectrum measures for SOCK analysis...


TR =

     2

Classifying ICs using SOCK...

Completed SOCK procedure

The following 64 of 261 components were identified as definite artifacts by SOCK:
 2,4,7,9,11,14,20,21,25,26,32,37,38,43,46,47,50,52,61,64,68,80,89,92,94,102,105,106,107,113,114,117,119,122,123,139,142,145,159,160,161,164,166,173,176,177,188,191,195,200,201,203,205,214,229,233,239,246,247,248,249,257,258,260

The following 72 of 261 components were identified as possible artifacts by SOCK:
 1,5,17,24,27,30,33,42,59,69,70,71,78,84,95,98,99,103,120,124,128,130,147,148,149,169,178,179,185,189,192,193,196,197,204,208,209,211,212,213,216,218,219,221,222,223,225,226,228,230,231,232,234,235,236,237,238,240,241,242,243,244,245,250,251,252,253,254,255,256,259,261

The following 125 of 261 components were identified as unlikely artifacts by SOCK:
 3,6,8,10,12,13,15,16,18,19,22,23,28,29,31,34,35,36,39,40,41,44,45,48,49,51,53,54,55,56,57,58,60,62,63,65,66,67,72,73,74,75,76,77,79,81,82,83,85,86,87,88,90,91,93,96,97,100,101,104,108,109,110,111,112,115,116,118,121,125,126,127,129,131,132,133,134,135,136,137,138,140,141,143,144,146,150,151,152,153,154,155,156,157,158,162,163,165,167,168,170,171,172,174,175,180,181,182,183,184,186,187,190,194,198,199,202,206,207,210,215,217,220,224,227

The 64 definite artifact components will be regressed out when reconstructing the denoised time-series.
Reconstructing denoised time-series for subject /mnt/hgfs/D/Smoothed_epis_EXT_T1_20211126/Copy_smoothed_epis_T1_Patienten_Gesunde/sourcedata/Gesunde/sub-1978/Ma2/func

Current directory is /mnt/hgfs/D/Smoothed_epis_EXT_T1_20211126/Copy_smoothed_epis_T1_Patienten_Gesunde/sourcedata/Gesunde/sub-1978/Ma2/func/FWHM_8_img___all.ica
fsl_regfilt -i ../FWHM_8_img___all -o denoised_data -d melodic_mix -f "2,4,7,9,11,14,20,21,25,26,32,37,38,43,46,47,50,52,61,64,68,80,89,92,94,102,105,106,107,113,114,117,119,122,123,139,142,145,159,160,161,164,166,173,176,177,188,191,195,200,201,203,205,214,229,233,239,246,247,248,249,257,258,260"
Split denoised data for subject /mnt/hgfs/D/Smoothed_epis_EXT_T1_20211126/Copy_smoothed_epis_T1_Patienten_Gesunde/sourcedata/Gesunde/sub-1978/Ma2/func already exists...

21-Jan-2023 22:02:04 - Completed SOCK processing in /mnt/hgfs/D/Smoothed_epis_EXT_T1_20211126/Copy_smoothed_epis_T1_Patienten_Gesunde/sourcedata/Gesunde/sub-1978/Ma2/func
21-Jan-2023 22:02:05 - Commencing SOCK processing in /mnt/hgfs/D/Smoothed_epis_EXT_T1_20211126/Copy_smoothed_epis_T1_Patienten_Gesunde/sourcedata/Gesunde/sub-1979/Ma2/func
Unable to read TR from _header_info.txt. Assuming TR is 2.0

pickString =

    'all'

Merged data /mnt/hgfs/D/Smoothed_epis_EXT_T1_20211126/Copy_smoothed_epis_T1_Patienten_Gesunde/sourcedata/Gesunde/sub-1979/Ma2/func/FWHM_8_img___all.nii.gz already exists, will re-use it...

A Melodic directory for subject /mnt/hgfs/D/Smoothed_epis_EXT_T1_20211126/Copy_smoothed_epis_T1_Patienten_Gesunde/sourcedata/Gesunde/sub-1979/Ma2/func already exists...
If you want to re-run Melodic, delete the old FWHM_8_img___all.ica folder...

Made SOCK temporary directory: /tmp/tp5e7af0ff_98db_49e1_a810_901359f179b4_SOCK
Running SOCK on /mnt/hgfs/D/Smoothed_epis_EXT_T1_20211126/Copy_smoothed_epis_T1_Patienten_Gesunde/sourcedata/Gesunde/sub-1979/Ma2/func/FWHM_8_img___all.ica/

Using mean functional image for SOCK analysis...
Using existing CSF and masks...
Converting thresholded images in stats dir to NIFTI_PAIR format...

Images in stats dir are already in NIFTI_PAIR format
Obtaining CSF and edge activity measures for SOCK analysis...

Using CSF activity from previous run...

Using edge activity from previous run...

DONE

Obtaining smoothness measures for SOCK analysis...

Obtaining power spectrum measures for SOCK analysis...


TR =

     2

Classifying ICs using SOCK...

Completed SOCK procedure

The following 65 of 260 components were identified as definite artifacts by SOCK:
 1,3,4,6,17,25,29,30,33,34,35,45,51,53,54,63,65,66,67,68,85,91,94,97,98,102,106,109,110,117,119,124,126,131,139,143,145,148,155,158,161,165,171,172,174,176,179,182,183,184,185,205,207,209,213,217,218,221,229,235,237,243,244,246,248

The following 97 of 260 components were identified as possible artifacts by SOCK:
 10,11,13,14,19,23,24,26,28,32,37,38,39,42,44,47,49,50,55,58,59,60,61,64,71,72,74,75,79,80,81,83,87,88,89,90,93,96,105,111,114,115,120,121,128,149,150,157,159,160,163,166,168,169,177,186,187,188,189,194,197,198,200,201,202,203,208,210,211,214,219,220,222,224,226,227,230,233,234,238,239,240,241,242,247,249,250,251,252,253,254,255,256,257,258,259,260

The following 98 of 260 components were identified as unlikely artifacts by SOCK:
 2,5,7,8,9,12,15,16,18,20,21,22,27,31,36,40,41,43,46,48,52,56,57,62,69,70,73,76,77,78,82,84,86,92,95,99,100,101,103,104,107,108,112,113,116,118,122,123,125,127,129,130,132,133,134,135,136,137,138,140,141,142,144,146,147,151,152,153,154,156,162,164,167,170,173,175,178,180,181,190,191,192,193,195,196,199,204,206,212,215,216,223,225,228,231,232,236,245

The 65 definite artifact components will be regressed out when reconstructing the denoised time-series.
Reconstructing denoised time-series for subject /mnt/hgfs/D/Smoothed_epis_EXT_T1_20211126/Copy_smoothed_epis_T1_Patienten_Gesunde/sourcedata/Gesunde/sub-1979/Ma2/func

Current directory is /mnt/hgfs/D/Smoothed_epis_EXT_T1_20211126/Copy_smoothed_epis_T1_Patienten_Gesunde/sourcedata/Gesunde/sub-1979/Ma2/func/FWHM_8_img___all.ica
fsl_regfilt -i ../FWHM_8_img___all -o denoised_data -d melodic_mix -f "1,3,4,6,17,25,29,30,33,34,35,45,51,53,54,63,65,66,67,68,85,91,94,97,98,102,106,109,110,117,119,124,126,131,139,143,145,148,155,158,161,165,171,172,174,176,179,182,183,184,185,205,207,209,213,217,218,221,229,235,237,243,244,246,248"
Split denoised data for subject /mnt/hgfs/D/Smoothed_epis_EXT_T1_20211126/Copy_smoothed_epis_T1_Patienten_Gesunde/sourcedata/Gesunde/sub-1979/Ma2/func already exists...

21-Jan-2023 22:19:16 - Completed SOCK processing in /mnt/hgfs/D/Smoothed_epis_EXT_T1_20211126/Copy_smoothed_epis_T1_Patienten_Gesunde/sourcedata/Gesunde/sub-1979/Ma2/func
