Result folder:/mnt/hgfs/D/Smoothed_epis_EXT_T1_20211126/Copy_smoothed_epis_T1_Patienten_Gesunde/sourcedata/Patienten/sub-3101/spm_Results_ori
Used conditation file:/mnt/hgfs/FSL_ICA/onsets_4D_Patienten_Gesunde/3101_Ma2.mat


------------------------------------------------------------------------
23-Feb-2023 19:10:17 - Running job #1
------------------------------------------------------------------------
23-Feb-2023 19:10:17 - Running 'fMRI model specification'
[Warning: MATLAB has disabled some advanced graphics rendering features by switching to software OpenGL. For more information, click <a href="matlab:opengl('problems')">here</a>.] 

SPM12: spm_fMRI_design (v7739)                     19:10:23 - 23/02/2023
========================================================================
Saving fMRI design                      :               ...SPM.mat saved

SPM12: spm_fmri_spm_ui (v7738)                     19:10:24 - 23/02/2023
========================================================================
Mapping files                           : {Operation terminated by user during <a href="matlab:matlab.internal.language.introspective.errorDocCallback('spm_vol_nifti')" style="font-weight:bold">spm_vol_nifti</a>


In <a href="matlab:matlab.internal.language.introspective.errorDocCallback('spm_vol>spm_vol_hdr', '/home/fsluser/spm12/spm_vol.m', 128)" style="font-weight:bold">spm_vol>spm_vol_hdr</a> (<a href="matlab: opentoline('/home/fsluser/spm12/spm_vol.m',128,0)">line 128</a>)
V = spm_vol_nifti(p,n);

In <a href="matlab:matlab.internal.language.introspective.errorDocCallback('spm_vol', '/home/fsluser/spm12/spm_vol.m', 61)" style="font-weight:bold">spm_vol</a> (<a href="matlab: opentoline('/home/fsluser/spm12/spm_vol.m',61,0)">line 61</a>)
        v = spm_vol_hdr(deblank(P(i,:)));

In <a href="matlab:matlab.internal.language.introspective.errorDocCallback('spm_data_hdr_read', '/home/fsluser/spm12/spm_data_hdr_read.m', 40)" style="font-weight:bold">spm_data_hdr_read</a> (<a href="matlab: opentoline('/home/fsluser/spm12/spm_data_hdr_read.m',40,0)">line 40</a>)
                V = spm_vol(char(P));

In <a href="matlab:matlab.internal.language.introspective.errorDocCallback('spm_fmri_spm_ui', '/home/fsluser/spm12/spm_fmri_spm_ui.m', 288)" style="font-weight:bold">spm_fmri_spm_ui</a> (<a href="matlab: opentoline('/home/fsluser/spm12/spm_fmri_spm_ui.m',288,0)">line 288</a>)
VY    = spm_data_hdr_read(SPM.xY.P);

In <a href="matlab:matlab.internal.language.introspective.errorDocCallback('spm_run_fmri_spec', '/home/fsluser/spm12/config/spm_run_fmri_spec.m', 386)" style="font-weight:bold">spm_run_fmri_spec</a> (<a href="matlab: opentoline('/home/fsluser/spm12/config/spm_run_fmri_spec.m',386,0)">line 386</a>)
SPM = spm_fmri_spm_ui(SPM);

In <a href="matlab:matlab.internal.language.introspective.errorDocCallback('cfg_run_cm', '/home/fsluser/spm12/matlabbatch/private/cfg_run_cm.m', 29)" style="font-weight:bold">cfg_run_cm</a> (<a href="matlab: opentoline('/home/fsluser/spm12/matlabbatch/private/cfg_run_cm.m',29,0)">line 29</a>)
    cm.jout = feval(cm.prog, job);

In <a href="matlab:matlab.internal.language.introspective.errorDocCallback('cfg_util>local_runcj', '/home/fsluser/spm12/matlabbatch/cfg_util.m', 1717)" style="font-weight:bold">cfg_util>local_runcj</a> (<a href="matlab: opentoline('/home/fsluser/spm12/matlabbatch/cfg_util.m',1717,0)">line 1717</a>)
                cm = cfg_run_cm(cm, subsref(mlbch, cfg2jobsubs(job.cjrun, cjid2subsrun{k})));

In <a href="matlab:matlab.internal.language.introspective.errorDocCallback('cfg_util', '/home/fsluser/spm12/matlabbatch/cfg_util.m', 972)" style="font-weight:bold">cfg_util</a> (<a href="matlab: opentoline('/home/fsluser/spm12/matlabbatch/cfg_util.m',972,0)">line 972</a>)
        [jobs(cjob), err] = local_runcj(jobs(cjob), cjob, pflag, cflag);

In <a href="matlab:matlab.internal.language.introspective.errorDocCallback('spm_jobman>fill_run_job', '/home/fsluser/spm12/spm_jobman.m', 469)" style="font-weight:bold">spm_jobman>fill_run_job</a> (<a href="matlab: opentoline('/home/fsluser/spm12/spm_jobman.m',469,0)">line 469</a>)
    cfg_util('run', cjob);

In <a href="matlab:matlab.internal.language.introspective.errorDocCallback('spm_jobman', '/home/fsluser/spm12/spm_jobman.m', 247)" style="font-weight:bold">spm_jobman</a> (<a href="matlab: opentoline('/home/fsluser/spm12/spm_jobman.m',247,0)">line 247</a>)
        sts = fill_run_job('run', cjob, varargin{3:end});

In <a href="matlab:matlab.internal.language.introspective.errorDocCallback('spm_first_level_job', '/home/fsluser/support_fmri_master/SPM/spm_first_level_job.m', 50)" style="font-weight:bold">spm_first_level_job</a> (<a href="matlab: opentoline('/home/fsluser/support_fmri_master/SPM/spm_first_level_job.m',50,0)">line 50</a>)
spm_jobman ('run', matlabbatch,'');

In <a href="matlab:matlab.internal.language.introspective.errorDocCallback('SPM_Denoised', '/home/fsluser/support_fmri_master/SPM/SPM_Denoised.m', 123)" style="font-weight:bold">SPM_Denoised</a> (<a href="matlab: opentoline('/home/fsluser/support_fmri_master/SPM/SPM_Denoised.m',123,0)">line 123</a>)
       spm_first_level_job(i, result, session_scans, current_cond_file);
} 
SPM_Denoised
